<?xml version="1.0" encoding="UTF-8"?>
<robot generator="Robot 4.1.3 (Python 3.9.4 on darwin)" generated="20211226 13:47:12.415" rpa="false" schemaversion="2">
<suite id="s1" name="Web" source="/Users/markchang/mark/crypto_test/web">
<suite id="s1-s1" name="Test" source="/Users/markchang/mark/crypto_test/web/test">
<suite id="s1-s1-s1" name="Test Markets Cro Xtz" source="/Users/markchang/mark/crypto_test/web/test/test_markets_cro_xtz.robot">
<kw name="Suite Setup" type="SETUP">
<kw name="Open Default Browser" library="keywords_common">
<doc>Open default browser
if 4444 is true, will use docker browser.
if not, will use local browser driver</doc>
<kw name="Run Keyword If" library="BuiltIn">
<arg>'${BROWSER_PORT}'=='None'</arg>
<arg>Open Local Browser</arg>
<arg>${browserURL}</arg>
<arg>${browserName}</arg>
<arg>ELSE</arg>
<arg>Open Docker Browser</arg>
<arg>${browserURL}</arg>
<arg>${browserName}</arg>
<doc>Runs the given keyword with the given arguments, if ``condition`` is true.</doc>
<kw name="Open Docker Browser" library="keywords_common">
<arg>${browserURL}</arg>
<arg>${browserName}</arg>
<kw name="Create Dictionary" library="BuiltIn">
<var>${capabilities}</var>
<doc>Creates and returns a dictionary based on the given ``items``.</doc>
<msg timestamp="20211226 13:47:12.518" level="INFO">${capabilities} = {}</msg>
<status status="PASS" starttime="20211226 13:47:12.518" endtime="20211226 13:47:12.518"/>
</kw>
<kw name="Set To Dictionary" library="Collections">
<arg>${capabilities}</arg>
<arg>browserName</arg>
<arg>${DEFAULT_BROWSER}</arg>
<doc>Adds the given ``key_value_pairs`` and ``items`` to the ``dictionary``.</doc>
<status status="PASS" starttime="20211226 13:47:12.518" endtime="20211226 13:47:12.518"/>
</kw>
<kw name="Evaluate" library="BuiltIn">
<var>${executor}</var>
<arg>str("http://127.0.0.1:${BROWSER_PORT}/wd/hub")</arg>
<doc>Evaluates the given expression in Python and returns the result.</doc>
<msg timestamp="20211226 13:47:12.518" level="INFO">${executor} = http://127.0.0.1:4444/wd/hub</msg>
<status status="PASS" starttime="20211226 13:47:12.518" endtime="20211226 13:47:12.518"/>
</kw>
<kw name="Create Webdriver" library="SeleniumLibrary">
<var>${webdriver}</var>
<arg>Remote</arg>
<arg>alias=${browserName}</arg>
<arg>desired_capabilities=${capabilities}</arg>
<arg>command_executor=${executor}</arg>
<doc>Creates an instance of Selenium WebDriver.</doc>
<msg timestamp="20211226 13:47:12.518" level="INFO">Creating an instance of the Remote WebDriver.</msg>
<msg timestamp="20211226 13:47:16.027" level="INFO">${webdriver} = 1</msg>
<status status="PASS" starttime="20211226 13:47:12.518" endtime="20211226 13:47:16.027"/>
</kw>
<kw name="Go To" library="SeleniumLibrary">
<arg>${browserURL}</arg>
<doc>Navigates the current browser window to the provided ``url``.</doc>
<msg timestamp="20211226 13:47:16.027" level="INFO">Opening url 'https://crypto.com/exchange/'</msg>
<status status="PASS" starttime="20211226 13:47:16.027" endtime="20211226 13:47:17.020"/>
</kw>
<status status="PASS" starttime="20211226 13:47:12.517" endtime="20211226 13:47:17.020"/>
</kw>
<status status="PASS" starttime="20211226 13:47:12.517" endtime="20211226 13:47:17.020"/>
</kw>
<kw name="Set Window Size" library="SeleniumLibrary">
<arg>${WINDOW_WEIGHT}</arg>
<arg>${WINDOW_HEIGHT}</arg>
<doc>Sets current windows size to given ``width`` and ``height``.</doc>
<status status="PASS" starttime="20211226 13:47:17.021" endtime="20211226 13:47:17.133"/>
</kw>
<status status="PASS" starttime="20211226 13:47:12.517" endtime="20211226 13:47:17.133"/>
</kw>
<status status="PASS" starttime="20211226 13:47:12.517" endtime="20211226 13:47:17.133"/>
</kw>
<test id="s1-s1-s1-t1" name="Check the text and the elements is expected in symbol info">
<kw name="Test Setup" type="SETUP">
<kw name="Go To Markets Page" library="keywords_common">
<kw name="Go To" library="SeleniumLibrary">
<arg>https://crypto.com/exchange/markets</arg>
<doc>Navigates the current browser window to the provided ``url``.</doc>
<msg timestamp="20211226 13:47:17.136" level="INFO">Opening url 'https://crypto.com/exchange/markets'</msg>
<status status="PASS" starttime="20211226 13:47:17.136" endtime="20211226 13:47:37.682"/>
</kw>
<kw name="Wait Until Element Is Visible" library="SeleniumLibrary">
<arg>${MARKETS_PAGE_MARKET_TITLE_TEXT}</arg>
<doc>Waits until the element ``locator`` is visible.</doc>
<status status="PASS" starttime="20211226 13:47:37.682" endtime="20211226 13:47:37.828"/>
</kw>
<status status="PASS" starttime="20211226 13:47:17.135" endtime="20211226 13:47:37.829"/>
</kw>
<kw name="Navigate To Specific Coin Trade Spot From Markets Page" library="keywords_common">
<arg>${base_coin}</arg>
<arg>${quote_coin}</arg>
<kw name="Scroll Element Into View" library="SeleniumLibrary">
<arg>${MARKETS_PAGE_MARKET_TRADE_LIST_${quote_coin}_TITLE_TEXT}</arg>
<doc>Scrolls the element identified by ``locator`` into view.</doc>
<status status="PASS" starttime="20211226 13:47:37.829" endtime="20211226 13:47:38.130"/>
</kw>
<kw name="Click Specific Element" library="keywords_common">
<arg>${MARKETS_PAGE_MARKET_TRADE_LIST_${quote_coin}_TITLE_TEXT}</arg>
<kw name="Wait Until Element Is Visible" library="SeleniumLibrary">
<arg>${element}</arg>
<doc>Waits until the element ``locator`` is visible.</doc>
<status status="PASS" starttime="20211226 13:47:38.132" endtime="20211226 13:47:38.186"/>
</kw>
<kw name="Click Element" library="SeleniumLibrary">
<arg>${element}</arg>
<doc>Click the element identified by ``locator``.</doc>
<msg timestamp="20211226 13:47:38.186" level="INFO">Clicking element '//*[@id="app"]//div[@class="market-title-box markets-container"]//div[text()="CRO"]'.</msg>
<status status="PASS" starttime="20211226 13:47:38.186" endtime="20211226 13:47:38.468"/>
</kw>
<status status="PASS" starttime="20211226 13:47:38.131" endtime="20211226 13:47:38.469"/>
</kw>
<kw name="Clean And Input The Text" library="keywords_common">
<arg>${MARKETS_PAGE_MARKET_TRADE_LIST_SEARCH_INPUT}</arg>
<arg>${base_coin}</arg>
<kw name="Wait Until Element Is Visible" library="SeleniumLibrary">
<arg>${element}</arg>
<doc>Waits until the element ``locator`` is visible.</doc>
<status status="PASS" starttime="20211226 13:47:38.469" endtime="20211226 13:47:38.502"/>
</kw>
<kw name="Clear Element Text" library="SeleniumLibrary">
<arg>${element}</arg>
<doc>Clears the value of the text-input-element identified by ``locator``.</doc>
<status status="PASS" starttime="20211226 13:47:38.502" endtime="20211226 13:47:38.538"/>
</kw>
<kw name="Input Text" library="SeleniumLibrary">
<arg>${element}</arg>
<arg>${text}</arg>
<doc>Types the given ``text`` into the text field identified by ``locator``.</doc>
<msg timestamp="20211226 13:47:38.538" level="INFO">Typing text 'XTZ' into text field '//*[@id="app"]//div[@class="market-title-box markets-container"]//input[@class="search-input"]'.</msg>
<status status="PASS" starttime="20211226 13:47:38.538" endtime="20211226 13:47:38.628"/>
</kw>
<status status="PASS" starttime="20211226 13:47:38.469" endtime="20211226 13:47:38.628"/>
</kw>
<kw name="Element Text Should Be" library="SeleniumLibrary">
<arg>${MARKETS_PAGE_MARKET_TRADE_LIST_FIRST_ROW_INSTRUMENT_NAME_BASE}</arg>
<arg>${base_coin}</arg>
<doc>Verifies that element ``locator`` contains exact the text ``expected``.</doc>
<msg timestamp="20211226 13:47:38.629" level="INFO">Verifying element '//*[@id="app"]//div[@data-test="market-trade-list"]//tbody[@class="table__body"]/tr[1]//span[@class="base"]' contains exact text 'XTZ'.</msg>
<status status="PASS" starttime="20211226 13:47:38.628" endtime="20211226 13:47:38.676"/>
</kw>
<kw name="Element Text Should Be" library="SeleniumLibrary">
<arg>${MARKETS_PAGE_MARKET_TRADE_LIST_FIRST_ROW_INSTRUMENT_NAME_QUOTE}</arg>
<arg>/${quote_coin}</arg>
<doc>Verifies that element ``locator`` contains exact the text ``expected``.</doc>
<msg timestamp="20211226 13:47:38.677" level="INFO">Verifying element '//*[@id="app"]//div[@data-test="market-trade-list"]//tbody[@class="table__body"]/tr[1]//span[@class="quote"]' contains exact text '/CRO'.</msg>
<status status="PASS" starttime="20211226 13:47:38.677" endtime="20211226 13:47:38.704"/>
</kw>
<kw name="Click Specific Element" library="keywords_common">
<arg>${MARKETS_PAGE_MARKET_TRADE_LIST_FIRST_ROW_TRADE_BUTTON}</arg>
<kw name="Wait Until Element Is Visible" library="SeleniumLibrary">
<arg>${element}</arg>
<doc>Waits until the element ``locator`` is visible.</doc>
<status status="PASS" starttime="20211226 13:47:38.705" endtime="20211226 13:47:38.733"/>
</kw>
<kw name="Click Element" library="SeleniumLibrary">
<arg>${element}</arg>
<doc>Click the element identified by ``locator``.</doc>
<msg timestamp="20211226 13:47:38.734" level="INFO">Clicking element '//*[@id="app"]//div[@data-test="market-trade-list"]//tbody[@class="table__body"]/tr[1]//button[contains(@class,"btn-trade")]'.</msg>
<status status="PASS" starttime="20211226 13:47:38.733" endtime="20211226 13:47:38.802"/>
</kw>
<status status="PASS" starttime="20211226 13:47:38.705" endtime="20211226 13:47:38.802"/>
</kw>
<kw name="Wait Until Keyword Succeeds" library="BuiltIn">
<arg>10s</arg>
<arg>1s</arg>
<arg>Check The Defaut Price Is Not Empty</arg>
<doc>Runs the specified keyword and retries if it fails.</doc>
<kw name="Check The Defaut Price Is Not Empty" library="keywords_trade_spot">
<doc>Check the defaut price in trade form is displayed</doc>
<kw name="Get Value" library="SeleniumLibrary">
<var>${price}</var>
<arg>(${TRADE_SPOT_TRADE_FORM_TRADE_BLOCK_TRADE_INPUT})[1]/input</arg>
<doc>Returns the value attribute of the element identified by ``locator``.</doc>
<kw name="Capture Page Screenshot" library="SeleniumLibrary">
<doc>Takes a screenshot of the current page and embeds it into a log file.</doc>
<msg timestamp="20211226 13:47:39.137" level="INFO" html="true">&lt;/td&gt;&lt;/tr&gt;&lt;tr&gt;&lt;td colspan="3"&gt;&lt;a href="selenium-screenshot-1.png"&gt;&lt;img src="selenium-screenshot-1.png" width="800px"&gt;&lt;/a&gt;</msg>
<status status="PASS" starttime="20211226 13:47:38.821" endtime="20211226 13:47:39.137"/>
</kw>
<msg timestamp="20211226 13:47:39.141" level="FAIL">Element with locator '(//*[@id="app"]//div[@class="trade-block" and not(contains(@style,"display: none"))]//div[@class="trade-input"]/div[@class="input-item"])[1]/input' not found.</msg>
<status status="FAIL" starttime="20211226 13:47:38.803" endtime="20211226 13:47:39.141"/>
</kw>
<kw name="Should Not Be Empty" library="BuiltIn">
<arg>${price}</arg>
<doc>Verifies that the given item is not empty.</doc>
<status status="NOT RUN" starttime="20211226 13:47:39.141" endtime="20211226 13:47:39.142"/>
</kw>
<status status="FAIL" starttime="20211226 13:47:38.803" endtime="20211226 13:47:39.142"/>
</kw>
<kw name="Check The Defaut Price Is Not Empty" library="keywords_trade_spot">
<doc>Check the defaut price in trade form is displayed</doc>
<kw name="Get Value" library="SeleniumLibrary">
<var>${price}</var>
<arg>(${TRADE_SPOT_TRADE_FORM_TRADE_BLOCK_TRADE_INPUT})[1]/input</arg>
<doc>Returns the value attribute of the element identified by ``locator``.</doc>
<msg timestamp="20211226 13:47:40.225" level="INFO">${price} = 7.509</msg>
<status status="PASS" starttime="20211226 13:47:40.144" endtime="20211226 13:47:40.225"/>
</kw>
<kw name="Should Not Be Empty" library="BuiltIn">
<arg>${price}</arg>
<doc>Verifies that the given item is not empty.</doc>
<msg timestamp="20211226 13:47:40.226" level="INFO">Length is 5</msg>
<status status="PASS" starttime="20211226 13:47:40.225" endtime="20211226 13:47:40.226"/>
</kw>
<status status="PASS" starttime="20211226 13:47:40.143" endtime="20211226 13:47:40.226"/>
</kw>
<status status="PASS" starttime="20211226 13:47:38.802" endtime="20211226 13:47:40.226"/>
</kw>
<status status="PASS" starttime="20211226 13:47:37.829" endtime="20211226 13:47:40.226"/>
</kw>
<status status="PASS" starttime="20211226 13:47:17.135" endtime="20211226 13:47:40.226"/>
</kw>
<kw name="Check The Element And The Text Is Expected">
<arg>${TRADE_SPOT_SYMBOL_INFO_DROPDOWN_TEXT}</arg>
<arg>XTZ/CRO</arg>
<kw name="Wait Until Element Is Visible" library="SeleniumLibrary">
<arg>${location}</arg>
<doc>Waits until the element ``locator`` is visible.</doc>
<status status="PASS" starttime="20211226 13:47:40.227" endtime="20211226 13:47:40.257"/>
</kw>
<kw name="Element Text Should Be" library="SeleniumLibrary">
<arg>${location}</arg>
<arg>${text}</arg>
<doc>Verifies that element ``locator`` contains exact the text ``expected``.</doc>
<msg timestamp="20211226 13:47:40.258" level="INFO">Verifying element '//*[@id="app"]//div[contains(@class,"symbol-dropdown")]//div[@class="toggle"]' contains exact text 'XTZ/CRO'.</msg>
<status status="PASS" starttime="20211226 13:47:40.257" endtime="20211226 13:47:40.283"/>
</kw>
<status status="PASS" starttime="20211226 13:47:40.227" endtime="20211226 13:47:40.283"/>
</kw>
<kw name="Check The Element And The Text Is Expected">
<arg>${TRADE_SPOT_SYMBOL_INFO_TITLE_TEXT_CHANGE}</arg>
<arg>Change</arg>
<kw name="Wait Until Element Is Visible" library="SeleniumLibrary">
<arg>${location}</arg>
<doc>Waits until the element ``locator`` is visible.</doc>
<status status="PASS" starttime="20211226 13:47:40.284" endtime="20211226 13:47:40.314"/>
</kw>
<kw name="Element Text Should Be" library="SeleniumLibrary">
<arg>${location}</arg>
<arg>${text}</arg>
<doc>Verifies that element ``locator`` contains exact the text ``expected``.</doc>
<msg timestamp="20211226 13:47:40.316" level="INFO">Verifying element '//*[@id="app"]//div[@class="current-symbol"]/div/div[2]/div[@class="item-title"]' contains exact text 'Change'.</msg>
<status status="PASS" starttime="20211226 13:47:40.315" endtime="20211226 13:47:40.341"/>
</kw>
<status status="PASS" starttime="20211226 13:47:40.283" endtime="20211226 13:47:40.341"/>
</kw>
<kw name="Check The Element And The Text Is Expected">
<arg>${TRADE_SPOT_SYMBOL_INFO_TITLE_TEXT_HIGH}</arg>
<arg>High</arg>
<kw name="Wait Until Element Is Visible" library="SeleniumLibrary">
<arg>${location}</arg>
<doc>Waits until the element ``locator`` is visible.</doc>
<status status="PASS" starttime="20211226 13:47:40.342" endtime="20211226 13:47:40.372"/>
</kw>
<kw name="Element Text Should Be" library="SeleniumLibrary">
<arg>${location}</arg>
<arg>${text}</arg>
<doc>Verifies that element ``locator`` contains exact the text ``expected``.</doc>
<msg timestamp="20211226 13:47:40.373" level="INFO">Verifying element '//*[@id="app"]//div[@class="current-symbol"]/div/div[3]/div[@class="item-title"]' contains exact text 'High'.</msg>
<status status="PASS" starttime="20211226 13:47:40.373" endtime="20211226 13:47:40.395"/>
</kw>
<status status="PASS" starttime="20211226 13:47:40.342" endtime="20211226 13:47:40.396"/>
</kw>
<kw name="Check The Element And The Text Is Expected">
<arg>${TRADE_SPOT_SYMBOL_INFO_TITLE_TEXT_LOW}</arg>
<arg>Low</arg>
<kw name="Wait Until Element Is Visible" library="SeleniumLibrary">
<arg>${location}</arg>
<doc>Waits until the element ``locator`` is visible.</doc>
<status status="PASS" starttime="20211226 13:47:40.397" endtime="20211226 13:47:40.460"/>
</kw>
<kw name="Element Text Should Be" library="SeleniumLibrary">
<arg>${location}</arg>
<arg>${text}</arg>
<doc>Verifies that element ``locator`` contains exact the text ``expected``.</doc>
<msg timestamp="20211226 13:47:40.461" level="INFO">Verifying element '//*[@id="app"]//div[@class="current-symbol"]/div/div[4]/div[@class="item-title"]' contains exact text 'Low'.</msg>
<status status="PASS" starttime="20211226 13:47:40.460" endtime="20211226 13:47:40.486"/>
</kw>
<status status="PASS" starttime="20211226 13:47:40.396" endtime="20211226 13:47:40.486"/>
</kw>
<kw name="Check The Element And The Text Is Expected">
<arg>${TRADE_SPOT_SYMBOL_INFO_TITLE_TEXT_24H}</arg>
<arg>24H Vol</arg>
<kw name="Wait Until Element Is Visible" library="SeleniumLibrary">
<arg>${location}</arg>
<doc>Waits until the element ``locator`` is visible.</doc>
<status status="PASS" starttime="20211226 13:47:40.487" endtime="20211226 13:47:40.516"/>
</kw>
<kw name="Element Text Should Be" library="SeleniumLibrary">
<arg>${location}</arg>
<arg>${text}</arg>
<doc>Verifies that element ``locator`` contains exact the text ``expected``.</doc>
<msg timestamp="20211226 13:47:40.517" level="INFO">Verifying element '//*[@id="app"]//div[@class="current-symbol"]/div/div[5]/div[@class="item-title"]' contains exact text '24H Vol'.</msg>
<status status="PASS" starttime="20211226 13:47:40.516" endtime="20211226 13:47:40.553"/>
</kw>
<status status="PASS" starttime="20211226 13:47:40.486" endtime="20211226 13:47:40.553"/>
</kw>
<kw name="Test Teardown" type="TEARDOWN">
<kw name="Run Keyword If Test Failed" library="BuiltIn">
<arg>Capture Page Screenshot</arg>
<doc>Runs the given keyword with the given arguments, if the test failed.</doc>
<status status="PASS" starttime="20211226 13:47:40.554" endtime="20211226 13:47:40.554"/>
</kw>
<status status="PASS" starttime="20211226 13:47:40.553" endtime="20211226 13:47:40.554"/>
</kw>
<tag>cro</tag>
<tag>market</tag>
<tag>web</tag>
<timeout value="30 seconds"/>
<status status="PASS" starttime="20211226 13:47:17.133" endtime="20211226 13:47:40.554"/>
</test>
<test id="s1-s1-s1-t2" name="Check the defaut tab is buy and could be switched in trade form">
<kw name="Test Setup" type="SETUP">
<kw name="Go To Markets Page" library="keywords_common">
<kw name="Go To" library="SeleniumLibrary">
<arg>https://crypto.com/exchange/markets</arg>
<doc>Navigates the current browser window to the provided ``url``.</doc>
<msg timestamp="20211226 13:47:40.557" level="INFO">Opening url 'https://crypto.com/exchange/markets'</msg>
<status status="PASS" starttime="20211226 13:47:40.556" endtime="20211226 13:47:41.331"/>
</kw>
<kw name="Wait Until Element Is Visible" library="SeleniumLibrary">
<arg>${MARKETS_PAGE_MARKET_TITLE_TEXT}</arg>
<doc>Waits until the element ``locator`` is visible.</doc>
<status status="PASS" starttime="20211226 13:47:41.331" endtime="20211226 13:47:41.399"/>
</kw>
<status status="PASS" starttime="20211226 13:47:40.556" endtime="20211226 13:47:41.400"/>
</kw>
<kw name="Navigate To Specific Coin Trade Spot From Markets Page" library="keywords_common">
<arg>${base_coin}</arg>
<arg>${quote_coin}</arg>
<kw name="Scroll Element Into View" library="SeleniumLibrary">
<arg>${MARKETS_PAGE_MARKET_TRADE_LIST_${quote_coin}_TITLE_TEXT}</arg>
<doc>Scrolls the element identified by ``locator`` into view.</doc>
<status status="PASS" starttime="20211226 13:47:41.400" endtime="20211226 13:47:41.699"/>
</kw>
<kw name="Click Specific Element" library="keywords_common">
<arg>${MARKETS_PAGE_MARKET_TRADE_LIST_${quote_coin}_TITLE_TEXT}</arg>
<kw name="Wait Until Element Is Visible" library="SeleniumLibrary">
<arg>${element}</arg>
<doc>Waits until the element ``locator`` is visible.</doc>
<status status="PASS" starttime="20211226 13:47:41.700" endtime="20211226 13:47:41.872"/>
</kw>
<kw name="Click Element" library="SeleniumLibrary">
<arg>${element}</arg>
<doc>Click the element identified by ``locator``.</doc>
<msg timestamp="20211226 13:47:41.873" level="INFO">Clicking element '//*[@id="app"]//div[@class="market-title-box markets-container"]//div[text()="CRO"]'.</msg>
<status status="PASS" starttime="20211226 13:47:41.872" endtime="20211226 13:47:41.998"/>
</kw>
<status status="PASS" starttime="20211226 13:47:41.700" endtime="20211226 13:47:41.999"/>
</kw>
<kw name="Clean And Input The Text" library="keywords_common">
<arg>${MARKETS_PAGE_MARKET_TRADE_LIST_SEARCH_INPUT}</arg>
<arg>${base_coin}</arg>
<kw name="Wait Until Element Is Visible" library="SeleniumLibrary">
<arg>${element}</arg>
<doc>Waits until the element ``locator`` is visible.</doc>
<status status="PASS" starttime="20211226 13:47:42.000" endtime="20211226 13:47:42.028"/>
</kw>
<kw name="Clear Element Text" library="SeleniumLibrary">
<arg>${element}</arg>
<doc>Clears the value of the text-input-element identified by ``locator``.</doc>
<status status="PASS" starttime="20211226 13:47:42.029" endtime="20211226 13:47:42.075"/>
</kw>
<kw name="Input Text" library="SeleniumLibrary">
<arg>${element}</arg>
<arg>${text}</arg>
<doc>Types the given ``text`` into the text field identified by ``locator``.</doc>
<msg timestamp="20211226 13:47:42.076" level="INFO">Typing text 'XTZ' into text field '//*[@id="app"]//div[@class="market-title-box markets-container"]//input[@class="search-input"]'.</msg>
<status status="PASS" starttime="20211226 13:47:42.076" endtime="20211226 13:47:42.166"/>
</kw>
<status status="PASS" starttime="20211226 13:47:41.999" endtime="20211226 13:47:42.166"/>
</kw>
<kw name="Element Text Should Be" library="SeleniumLibrary">
<arg>${MARKETS_PAGE_MARKET_TRADE_LIST_FIRST_ROW_INSTRUMENT_NAME_BASE}</arg>
<arg>${base_coin}</arg>
<doc>Verifies that element ``locator`` contains exact the text ``expected``.</doc>
<msg timestamp="20211226 13:47:42.167" level="INFO">Verifying element '//*[@id="app"]//div[@data-test="market-trade-list"]//tbody[@class="table__body"]/tr[1]//span[@class="base"]' contains exact text 'XTZ'.</msg>
<status status="PASS" starttime="20211226 13:47:42.166" endtime="20211226 13:47:42.196"/>
</kw>
<kw name="Element Text Should Be" library="SeleniumLibrary">
<arg>${MARKETS_PAGE_MARKET_TRADE_LIST_FIRST_ROW_INSTRUMENT_NAME_QUOTE}</arg>
<arg>/${quote_coin}</arg>
<doc>Verifies that element ``locator`` contains exact the text ``expected``.</doc>
<msg timestamp="20211226 13:47:42.198" level="INFO">Verifying element '//*[@id="app"]//div[@data-test="market-trade-list"]//tbody[@class="table__body"]/tr[1]//span[@class="quote"]' contains exact text '/CRO'.</msg>
<status status="PASS" starttime="20211226 13:47:42.196" endtime="20211226 13:47:42.222"/>
</kw>
<kw name="Click Specific Element" library="keywords_common">
<arg>${MARKETS_PAGE_MARKET_TRADE_LIST_FIRST_ROW_TRADE_BUTTON}</arg>
<kw name="Wait Until Element Is Visible" library="SeleniumLibrary">
<arg>${element}</arg>
<doc>Waits until the element ``locator`` is visible.</doc>
<status status="PASS" starttime="20211226 13:47:42.223" endtime="20211226 13:47:42.248"/>
</kw>
<kw name="Click Element" library="SeleniumLibrary">
<arg>${element}</arg>
<doc>Click the element identified by ``locator``.</doc>
<msg timestamp="20211226 13:47:42.249" level="INFO">Clicking element '//*[@id="app"]//div[@data-test="market-trade-list"]//tbody[@class="table__body"]/tr[1]//button[contains(@class,"btn-trade")]'.</msg>
<status status="PASS" starttime="20211226 13:47:42.248" endtime="20211226 13:47:42.302"/>
</kw>
<status status="PASS" starttime="20211226 13:47:42.222" endtime="20211226 13:47:42.302"/>
</kw>
<kw name="Wait Until Keyword Succeeds" library="BuiltIn">
<arg>10s</arg>
<arg>1s</arg>
<arg>Check The Defaut Price Is Not Empty</arg>
<doc>Runs the specified keyword and retries if it fails.</doc>
<kw name="Check The Defaut Price Is Not Empty" library="keywords_trade_spot">
<doc>Check the defaut price in trade form is displayed</doc>
<kw name="Get Value" library="SeleniumLibrary">
<var>${price}</var>
<arg>(${TRADE_SPOT_TRADE_FORM_TRADE_BLOCK_TRADE_INPUT})[1]/input</arg>
<doc>Returns the value attribute of the element identified by ``locator``.</doc>
<msg timestamp="20211226 13:47:42.665" level="INFO">${price} = </msg>
<status status="PASS" starttime="20211226 13:47:42.303" endtime="20211226 13:47:42.665"/>
</kw>
<kw name="Should Not Be Empty" library="BuiltIn">
<arg>${price}</arg>
<doc>Verifies that the given item is not empty.</doc>
<msg timestamp="20211226 13:47:42.666" level="INFO">Length is 0</msg>
<msg timestamp="20211226 13:47:42.666" level="FAIL">'' should not be empty.</msg>
<status status="FAIL" starttime="20211226 13:47:42.665" endtime="20211226 13:47:42.666"/>
</kw>
<status status="FAIL" starttime="20211226 13:47:42.303" endtime="20211226 13:47:42.668"/>
</kw>
<kw name="Check The Defaut Price Is Not Empty" library="keywords_trade_spot">
<doc>Check the defaut price in trade form is displayed</doc>
<kw name="Get Value" library="SeleniumLibrary">
<var>${price}</var>
<arg>(${TRADE_SPOT_TRADE_FORM_TRADE_BLOCK_TRADE_INPUT})[1]/input</arg>
<doc>Returns the value attribute of the element identified by ``locator``.</doc>
<msg timestamp="20211226 13:47:43.753" level="INFO">${price} = 7.508</msg>
<status status="PASS" starttime="20211226 13:47:43.670" endtime="20211226 13:47:43.753"/>
</kw>
<kw name="Should Not Be Empty" library="BuiltIn">
<arg>${price}</arg>
<doc>Verifies that the given item is not empty.</doc>
<msg timestamp="20211226 13:47:43.753" level="INFO">Length is 5</msg>
<status status="PASS" starttime="20211226 13:47:43.753" endtime="20211226 13:47:43.754"/>
</kw>
<status status="PASS" starttime="20211226 13:47:43.669" endtime="20211226 13:47:43.754"/>
</kw>
<status status="PASS" starttime="20211226 13:47:42.303" endtime="20211226 13:47:43.754"/>
</kw>
<status status="PASS" starttime="20211226 13:47:41.400" endtime="20211226 13:47:43.754"/>
</kw>
<status status="PASS" starttime="20211226 13:47:40.555" endtime="20211226 13:47:43.754"/>
</kw>
<kw name="Element Attribute Value Should Be" library="SeleniumLibrary">
<arg>${TRADE_SPOT_TRADE_FORM_BUTTON_TAB_BUY}</arg>
<arg>class</arg>
<arg>button-tab active</arg>
<doc>Verifies element identified by ``locator`` contains expected attribute value.</doc>
<msg timestamp="20211226 13:47:43.787" level="INFO">Element '//*[@id="app"]//div[contains(@class,"trading-form")]//div[@class="button-tabs"]/div[text()=" Buy "]' attribute 'class' contains value 'button-tab active'.</msg>
<status status="PASS" starttime="20211226 13:47:43.754" endtime="20211226 13:47:43.788"/>
</kw>
<kw name="Verify Buy And Sell Tab Is Worked In Trade Form" library="keywords_trade_spot">
<arg>Buy</arg>
<arg>${base_coin}</arg>
<arg>${quote_coin}</arg>
<doc>Check the tab works by checking trade type and amount</doc>
<kw name="Element Text Should Be" library="SeleniumLibrary">
<arg>${TRADE_SPOT_TRADE_FORM_TRADE_BLOCK_TRADE_TYPE}</arg>
<arg>${tab_type} ${base_coin}</arg>
<doc>Verifies that element ``locator`` contains exact the text ``expected``.</doc>
<msg timestamp="20211226 13:47:43.789" level="INFO">Verifying element '//*[@id="app"]//div[@class="trade-block" and not(contains(@style,"display: none"))]//span[@class="trade-type"]' contains exact text 'Buy XTZ'.</msg>
<status status="PASS" starttime="20211226 13:47:43.789" endtime="20211226 13:47:43.815"/>
</kw>
<if>
<branch type="IF" condition="'${tab_type}' == 'Buy'">
<kw name="Element Text Should Be" library="SeleniumLibrary">
<arg>${TRADE_SPOT_TRADE_FORM_TRADE_BLOCK_TRADE_TYPE_AMOUNT}</arg>
<arg>-- ${quote_coin}</arg>
<doc>Verifies that element ``locator`` contains exact the text ``expected``.</doc>
<msg timestamp="20211226 13:47:43.816" level="INFO">Verifying element '//*[@id="app"]//div[@class="trade-block" and not(contains(@style,"display: none"))]//span[@class="amount"]' contains exact text '-- CRO'.</msg>
<status status="PASS" starttime="20211226 13:47:43.816" endtime="20211226 13:47:43.842"/>
</kw>
<status status="PASS" starttime="20211226 13:47:43.816" endtime="20211226 13:47:43.843"/>
</branch>
<branch type="ELSE IF" condition="'${tab_type}' == 'Sell'">
<kw name="Element Text Should Be" library="SeleniumLibrary">
<arg>${TRADE_SPOT_TRADE_FORM_TRADE_BLOCK_TRADE_TYPE_AMOUNT}</arg>
<arg>-- ${base_coin}</arg>
<doc>Verifies that element ``locator`` contains exact the text ``expected``.</doc>
<status status="NOT RUN" starttime="20211226 13:47:43.843" endtime="20211226 13:47:43.843"/>
</kw>
<status status="NOT RUN" starttime="20211226 13:47:43.843" endtime="20211226 13:47:43.843"/>
</branch>
<status status="PASS" starttime="20211226 13:47:43.815" endtime="20211226 13:47:43.843"/>
</if>
<status status="PASS" starttime="20211226 13:47:43.788" endtime="20211226 13:47:43.843"/>
</kw>
<kw name="Click Specific Element" library="keywords_common">
<arg>${TRADE_SPOT_TRADE_FORM_BUTTON_TAB_SELL}</arg>
<kw name="Wait Until Element Is Visible" library="SeleniumLibrary">
<arg>${element}</arg>
<doc>Waits until the element ``locator`` is visible.</doc>
<status status="PASS" starttime="20211226 13:47:43.844" endtime="20211226 13:47:43.872"/>
</kw>
<kw name="Click Element" library="SeleniumLibrary">
<arg>${element}</arg>
<doc>Click the element identified by ``locator``.</doc>
<msg timestamp="20211226 13:47:43.873" level="INFO">Clicking element '//*[@id="app"]//div[contains(@class,"trading-form")]//div[@class="button-tabs"]/div[text()=" Sell "]'.</msg>
<status status="PASS" starttime="20211226 13:47:43.872" endtime="20211226 13:47:43.933"/>
</kw>
<status status="PASS" starttime="20211226 13:47:43.843" endtime="20211226 13:47:43.933"/>
</kw>
<kw name="Verify Buy And Sell Tab Is Worked In Trade Form" library="keywords_trade_spot">
<arg>Sell</arg>
<arg>${base_coin}</arg>
<arg>${quote_coin}</arg>
<doc>Check the tab works by checking trade type and amount</doc>
<kw name="Element Text Should Be" library="SeleniumLibrary">
<arg>${TRADE_SPOT_TRADE_FORM_TRADE_BLOCK_TRADE_TYPE}</arg>
<arg>${tab_type} ${base_coin}</arg>
<doc>Verifies that element ``locator`` contains exact the text ``expected``.</doc>
<msg timestamp="20211226 13:47:43.935" level="INFO">Verifying element '//*[@id="app"]//div[@class="trade-block" and not(contains(@style,"display: none"))]//span[@class="trade-type"]' contains exact text 'Sell XTZ'.</msg>
<status status="PASS" starttime="20211226 13:47:43.934" endtime="20211226 13:47:43.977"/>
</kw>
<if>
<branch type="IF" condition="'${tab_type}' == 'Buy'">
<kw name="Element Text Should Be" library="SeleniumLibrary">
<arg>${TRADE_SPOT_TRADE_FORM_TRADE_BLOCK_TRADE_TYPE_AMOUNT}</arg>
<arg>-- ${quote_coin}</arg>
<doc>Verifies that element ``locator`` contains exact the text ``expected``.</doc>
<status status="NOT RUN" starttime="20211226 13:47:43.977" endtime="20211226 13:47:43.977"/>
</kw>
<status status="NOT RUN" starttime="20211226 13:47:43.977" endtime="20211226 13:47:43.978"/>
</branch>
<branch type="ELSE IF" condition="'${tab_type}' == 'Sell'">
<kw name="Element Text Should Be" library="SeleniumLibrary">
<arg>${TRADE_SPOT_TRADE_FORM_TRADE_BLOCK_TRADE_TYPE_AMOUNT}</arg>
<arg>-- ${base_coin}</arg>
<doc>Verifies that element ``locator`` contains exact the text ``expected``.</doc>
<msg timestamp="20211226 13:47:43.978" level="INFO">Verifying element '//*[@id="app"]//div[@class="trade-block" and not(contains(@style,"display: none"))]//span[@class="amount"]' contains exact text '-- XTZ'.</msg>
<status status="PASS" starttime="20211226 13:47:43.978" endtime="20211226 13:47:44.001"/>
</kw>
<status status="PASS" starttime="20211226 13:47:43.978" endtime="20211226 13:47:44.001"/>
</branch>
<status status="PASS" starttime="20211226 13:47:43.977" endtime="20211226 13:47:44.001"/>
</if>
<status status="PASS" starttime="20211226 13:47:43.933" endtime="20211226 13:47:44.001"/>
</kw>
<kw name="Test Teardown" type="TEARDOWN">
<kw name="Run Keyword If Test Failed" library="BuiltIn">
<arg>Capture Page Screenshot</arg>
<doc>Runs the given keyword with the given arguments, if the test failed.</doc>
<status status="PASS" starttime="20211226 13:47:44.002" endtime="20211226 13:47:44.002"/>
</kw>
<status status="PASS" starttime="20211226 13:47:44.002" endtime="20211226 13:47:44.003"/>
</kw>
<tag>cro</tag>
<tag>market</tag>
<tag>web</tag>
<timeout value="30 seconds"/>
<status status="PASS" starttime="20211226 13:47:40.555" endtime="20211226 13:47:44.003"/>
</test>
<test id="s1-s1-s1-t3" name="Check input of trade block limit is expected in trade form">
<kw name="Test Setup" type="SETUP">
<kw name="Go To Markets Page" library="keywords_common">
<kw name="Go To" library="SeleniumLibrary">
<arg>https://crypto.com/exchange/markets</arg>
<doc>Navigates the current browser window to the provided ``url``.</doc>
<msg timestamp="20211226 13:47:44.005" level="INFO">Opening url 'https://crypto.com/exchange/markets'</msg>
<status status="PASS" starttime="20211226 13:47:44.005" endtime="20211226 13:47:44.609"/>
</kw>
<kw name="Wait Until Element Is Visible" library="SeleniumLibrary">
<arg>${MARKETS_PAGE_MARKET_TITLE_TEXT}</arg>
<doc>Waits until the element ``locator`` is visible.</doc>
<status status="PASS" starttime="20211226 13:47:44.609" endtime="20211226 13:47:44.640"/>
</kw>
<status status="PASS" starttime="20211226 13:47:44.005" endtime="20211226 13:47:44.640"/>
</kw>
<kw name="Navigate To Specific Coin Trade Spot From Markets Page" library="keywords_common">
<arg>${base_coin}</arg>
<arg>${quote_coin}</arg>
<kw name="Scroll Element Into View" library="SeleniumLibrary">
<arg>${MARKETS_PAGE_MARKET_TRADE_LIST_${quote_coin}_TITLE_TEXT}</arg>
<doc>Scrolls the element identified by ``locator`` into view.</doc>
<status status="PASS" starttime="20211226 13:47:44.641" endtime="20211226 13:47:44.930"/>
</kw>
<kw name="Click Specific Element" library="keywords_common">
<arg>${MARKETS_PAGE_MARKET_TRADE_LIST_${quote_coin}_TITLE_TEXT}</arg>
<kw name="Wait Until Element Is Visible" library="SeleniumLibrary">
<arg>${element}</arg>
<doc>Waits until the element ``locator`` is visible.</doc>
<status status="PASS" starttime="20211226 13:47:44.931" endtime="20211226 13:47:45.060"/>
</kw>
<kw name="Click Element" library="SeleniumLibrary">
<arg>${element}</arg>
<doc>Click the element identified by ``locator``.</doc>
<msg timestamp="20211226 13:47:45.061" level="INFO">Clicking element '//*[@id="app"]//div[@class="market-title-box markets-container"]//div[text()="CRO"]'.</msg>
<status status="PASS" starttime="20211226 13:47:45.061" endtime="20211226 13:47:45.270"/>
</kw>
<status status="PASS" starttime="20211226 13:47:44.930" endtime="20211226 13:47:45.270"/>
</kw>
<kw name="Clean And Input The Text" library="keywords_common">
<arg>${MARKETS_PAGE_MARKET_TRADE_LIST_SEARCH_INPUT}</arg>
<arg>${base_coin}</arg>
<kw name="Wait Until Element Is Visible" library="SeleniumLibrary">
<arg>${element}</arg>
<doc>Waits until the element ``locator`` is visible.</doc>
<status status="PASS" starttime="20211226 13:47:45.271" endtime="20211226 13:47:45.322"/>
</kw>
<kw name="Clear Element Text" library="SeleniumLibrary">
<arg>${element}</arg>
<doc>Clears the value of the text-input-element identified by ``locator``.</doc>
<status status="PASS" starttime="20211226 13:47:45.323" endtime="20211226 13:47:45.359"/>
</kw>
<kw name="Input Text" library="SeleniumLibrary">
<arg>${element}</arg>
<arg>${text}</arg>
<doc>Types the given ``text`` into the text field identified by ``locator``.</doc>
<msg timestamp="20211226 13:47:45.360" level="INFO">Typing text 'XTZ' into text field '//*[@id="app"]//div[@class="market-title-box markets-container"]//input[@class="search-input"]'.</msg>
<status status="PASS" starttime="20211226 13:47:45.359" endtime="20211226 13:47:45.455"/>
</kw>
<status status="PASS" starttime="20211226 13:47:45.270" endtime="20211226 13:47:45.455"/>
</kw>
<kw name="Element Text Should Be" library="SeleniumLibrary">
<arg>${MARKETS_PAGE_MARKET_TRADE_LIST_FIRST_ROW_INSTRUMENT_NAME_BASE}</arg>
<arg>${base_coin}</arg>
<doc>Verifies that element ``locator`` contains exact the text ``expected``.</doc>
<msg timestamp="20211226 13:47:45.456" level="INFO">Verifying element '//*[@id="app"]//div[@data-test="market-trade-list"]//tbody[@class="table__body"]/tr[1]//span[@class="base"]' contains exact text 'XTZ'.</msg>
<status status="PASS" starttime="20211226 13:47:45.455" endtime="20211226 13:47:45.480"/>
</kw>
<kw name="Element Text Should Be" library="SeleniumLibrary">
<arg>${MARKETS_PAGE_MARKET_TRADE_LIST_FIRST_ROW_INSTRUMENT_NAME_QUOTE}</arg>
<arg>/${quote_coin}</arg>
<doc>Verifies that element ``locator`` contains exact the text ``expected``.</doc>
<msg timestamp="20211226 13:47:45.480" level="INFO">Verifying element '//*[@id="app"]//div[@data-test="market-trade-list"]//tbody[@class="table__body"]/tr[1]//span[@class="quote"]' contains exact text '/CRO'.</msg>
<status status="PASS" starttime="20211226 13:47:45.480" endtime="20211226 13:47:45.504"/>
</kw>
<kw name="Click Specific Element" library="keywords_common">
<arg>${MARKETS_PAGE_MARKET_TRADE_LIST_FIRST_ROW_TRADE_BUTTON}</arg>
<kw name="Wait Until Element Is Visible" library="SeleniumLibrary">
<arg>${element}</arg>
<doc>Waits until the element ``locator`` is visible.</doc>
<status status="PASS" starttime="20211226 13:47:45.505" endtime="20211226 13:47:45.552"/>
</kw>
<kw name="Click Element" library="SeleniumLibrary">
<arg>${element}</arg>
<doc>Click the element identified by ``locator``.</doc>
<msg timestamp="20211226 13:47:45.553" level="INFO">Clicking element '//*[@id="app"]//div[@data-test="market-trade-list"]//tbody[@class="table__body"]/tr[1]//button[contains(@class,"btn-trade")]'.</msg>
<status status="PASS" starttime="20211226 13:47:45.552" endtime="20211226 13:47:45.607"/>
</kw>
<status status="PASS" starttime="20211226 13:47:45.504" endtime="20211226 13:47:45.608"/>
</kw>
<kw name="Wait Until Keyword Succeeds" library="BuiltIn">
<arg>10s</arg>
<arg>1s</arg>
<arg>Check The Defaut Price Is Not Empty</arg>
<doc>Runs the specified keyword and retries if it fails.</doc>
<kw name="Check The Defaut Price Is Not Empty" library="keywords_trade_spot">
<doc>Check the defaut price in trade form is displayed</doc>
<kw name="Get Value" library="SeleniumLibrary">
<var>${price}</var>
<arg>(${TRADE_SPOT_TRADE_FORM_TRADE_BLOCK_TRADE_INPUT})[1]/input</arg>
<doc>Returns the value attribute of the element identified by ``locator``.</doc>
<msg timestamp="20211226 13:47:45.840" level="INFO">${price} = </msg>
<status status="PASS" starttime="20211226 13:47:45.609" endtime="20211226 13:47:45.840"/>
</kw>
<kw name="Should Not Be Empty" library="BuiltIn">
<arg>${price}</arg>
<doc>Verifies that the given item is not empty.</doc>
<msg timestamp="20211226 13:47:45.840" level="INFO">Length is 0</msg>
<msg timestamp="20211226 13:47:45.841" level="FAIL">'' should not be empty.</msg>
<status status="FAIL" starttime="20211226 13:47:45.840" endtime="20211226 13:47:45.841"/>
</kw>
<status status="FAIL" starttime="20211226 13:47:45.608" endtime="20211226 13:47:45.842"/>
</kw>
<kw name="Check The Defaut Price Is Not Empty" library="keywords_trade_spot">
<doc>Check the defaut price in trade form is displayed</doc>
<kw name="Get Value" library="SeleniumLibrary">
<var>${price}</var>
<arg>(${TRADE_SPOT_TRADE_FORM_TRADE_BLOCK_TRADE_INPUT})[1]/input</arg>
<doc>Returns the value attribute of the element identified by ``locator``.</doc>
<msg timestamp="20211226 13:47:46.874" level="INFO">${price} = 7.506</msg>
<status status="PASS" starttime="20211226 13:47:46.845" endtime="20211226 13:47:46.874"/>
</kw>
<kw name="Should Not Be Empty" library="BuiltIn">
<arg>${price}</arg>
<doc>Verifies that the given item is not empty.</doc>
<msg timestamp="20211226 13:47:46.874" level="INFO">Length is 5</msg>
<status status="PASS" starttime="20211226 13:47:46.874" endtime="20211226 13:47:46.874"/>
</kw>
<status status="PASS" starttime="20211226 13:47:46.844" endtime="20211226 13:47:46.875"/>
</kw>
<status status="PASS" starttime="20211226 13:47:45.608" endtime="20211226 13:47:46.875"/>
</kw>
<status status="PASS" starttime="20211226 13:47:44.640" endtime="20211226 13:47:46.875"/>
</kw>
<status status="PASS" starttime="20211226 13:47:44.004" endtime="20211226 13:47:46.875"/>
</kw>
<kw name="Check The Input And Auto Fill In Limit Is Worked">
<arg>${20}</arg>
<kw name="Click Specific Element" library="keywords_common">
<arg>${TRADE_SPOT_TRADE_FORM_ORDER_TYPE_LIMIT}</arg>
<kw name="Wait Until Element Is Visible" library="SeleniumLibrary">
<arg>${element}</arg>
<doc>Waits until the element ``locator`` is visible.</doc>
<status status="PASS" starttime="20211226 13:47:46.878" endtime="20211226 13:47:46.906"/>
</kw>
<kw name="Click Element" library="SeleniumLibrary">
<arg>${element}</arg>
<doc>Click the element identified by ``locator``.</doc>
<msg timestamp="20211226 13:47:46.906" level="INFO">Clicking element '//*[@id="app"]//div[@class="spot-tabs"]//div[@class="order-type-tabs"]//div[text()="Limit"]'.</msg>
<status status="PASS" starttime="20211226 13:47:46.906" endtime="20211226 13:47:46.952"/>
</kw>
<status status="PASS" starttime="20211226 13:47:46.877" endtime="20211226 13:47:46.953"/>
</kw>
<kw name="Element Attribute Value Should Be" library="SeleniumLibrary">
<arg>${TRADE_SPOT_TRADE_FORM_ORDER_TYPE_LIMIT}</arg>
<arg>class</arg>
<arg>e-tabs__nav-item active</arg>
<doc>Verifies element identified by ``locator`` contains expected attribute value.</doc>
<msg timestamp="20211226 13:47:46.979" level="INFO">Element '//*[@id="app"]//div[@class="spot-tabs"]//div[@class="order-type-tabs"]//div[text()="Limit"]' attribute 'class' contains value 'e-tabs__nav-item active'.</msg>
<status status="PASS" starttime="20211226 13:47:46.953" endtime="20211226 13:47:46.979"/>
</kw>
<kw name="Get Value" library="SeleniumLibrary">
<var>${price}</var>
<arg>(${TRADE_SPOT_TRADE_FORM_TRADE_BLOCK_TRADE_INPUT})[1]/input</arg>
<doc>Returns the value attribute of the element identified by ``locator``.</doc>
<msg timestamp="20211226 13:47:47.006" level="INFO">${price} = 7.506</msg>
<status status="PASS" starttime="20211226 13:47:46.980" endtime="20211226 13:47:47.006"/>
</kw>
<if>
<branch type="IF" condition="'${amount}' != '${None}'">
<kw name="Clean And Input The Text" library="keywords_common">
<arg>(${TRADE_SPOT_TRADE_FORM_TRADE_BLOCK_TRADE_INPUT})[2]/input</arg>
<arg>${amount}</arg>
<kw name="Wait Until Element Is Visible" library="SeleniumLibrary">
<arg>${element}</arg>
<doc>Waits until the element ``locator`` is visible.</doc>
<status status="PASS" starttime="20211226 13:47:47.007" endtime="20211226 13:47:47.033"/>
</kw>
<kw name="Clear Element Text" library="SeleniumLibrary">
<arg>${element}</arg>
<doc>Clears the value of the text-input-element identified by ``locator``.</doc>
<status status="PASS" starttime="20211226 13:47:47.033" endtime="20211226 13:47:47.066"/>
</kw>
<kw name="Input Text" library="SeleniumLibrary">
<arg>${element}</arg>
<arg>${text}</arg>
<doc>Types the given ``text`` into the text field identified by ``locator``.</doc>
<msg timestamp="20211226 13:47:47.067" level="INFO">Typing text '20' into text field '(//*[@id="app"]//div[@class="trade-block" and not(contains(@style,"display: none"))]//div[@class="trade-input"]/div[@class="input-item"])[2]/input'.</msg>
<status status="PASS" starttime="20211226 13:47:47.066" endtime="20211226 13:47:47.153"/>
</kw>
<status status="PASS" starttime="20211226 13:47:47.006" endtime="20211226 13:47:47.153"/>
</kw>
<kw name="Get Value" library="SeleniumLibrary">
<var>${total_text}</var>
<arg>(${TRADE_SPOT_TRADE_FORM_TRADE_BLOCK_TRADE_INPUT})[3]/input</arg>
<doc>Returns the value attribute of the element identified by ``locator``.</doc>
<msg timestamp="20211226 13:47:47.181" level="INFO">${total_text} = 150.120</msg>
<status status="PASS" starttime="20211226 13:47:47.154" endtime="20211226 13:47:47.181"/>
</kw>
<kw name="Evaluate" library="BuiltIn">
<var>${expected_total}</var>
<arg>f"{float(${price}) * ${amount}:.4f}"</arg>
<doc>Evaluates the given expression in Python and returns the result.</doc>
<msg timestamp="20211226 13:47:47.182" level="INFO">${expected_total} = 150.1200</msg>
<status status="PASS" starttime="20211226 13:47:47.182" endtime="20211226 13:47:47.182"/>
</kw>
<kw name="Should Be Equal As Strings" library="BuiltIn">
<arg>${total_text}</arg>
<arg>${expected_total}[:-1]</arg>
<doc>Fails if objects are unequal after converting them to strings.</doc>
<status status="PASS" starttime="20211226 13:47:47.183" endtime="20211226 13:47:47.183"/>
</kw>
<status status="PASS" starttime="20211226 13:47:47.006" endtime="20211226 13:47:47.183"/>
</branch>
<branch type="ELSE IF" condition="'${total}' != '${None}'">
<kw name="Clean And Input The Text" library="keywords_common">
<arg>(${TRADE_SPOT_TRADE_FORM_TRADE_BLOCK_TRADE_INPUT})[3]/input</arg>
<arg>${total}</arg>
<status status="NOT RUN" starttime="20211226 13:47:47.184" endtime="20211226 13:47:47.184"/>
</kw>
<kw name="Get Value" library="SeleniumLibrary">
<var>${amount_text}</var>
<arg>(${TRADE_SPOT_TRADE_FORM_TRADE_BLOCK_TRADE_INPUT})[2]/input</arg>
<doc>Returns the value attribute of the element identified by ``locator``.</doc>
<status status="NOT RUN" starttime="20211226 13:47:47.184" endtime="20211226 13:47:47.184"/>
</kw>
<kw name="Evaluate" library="BuiltIn">
<var>${expected_amount}</var>
<arg>f"{${total} / float(${price}):.3f}"</arg>
<doc>Evaluates the given expression in Python and returns the result.</doc>
<status status="NOT RUN" starttime="20211226 13:47:47.184" endtime="20211226 13:47:47.184"/>
</kw>
<kw name="Should Be Equal As Strings" library="BuiltIn">
<arg>${amount_text}</arg>
<arg>${expected_amount}[:-1]</arg>
<doc>Fails if objects are unequal after converting them to strings.</doc>
<status status="NOT RUN" starttime="20211226 13:47:47.184" endtime="20211226 13:47:47.185"/>
</kw>
<status status="NOT RUN" starttime="20211226 13:47:47.183" endtime="20211226 13:47:47.185"/>
</branch>
<status status="PASS" starttime="20211226 13:47:47.006" endtime="20211226 13:47:47.185"/>
</if>
<status status="PASS" starttime="20211226 13:47:46.875" endtime="20211226 13:47:47.185"/>
</kw>
<kw name="Check The Input And Auto Fill In Limit Is Worked">
<arg>${2.5}</arg>
<kw name="Click Specific Element" library="keywords_common">
<arg>${TRADE_SPOT_TRADE_FORM_ORDER_TYPE_LIMIT}</arg>
<kw name="Wait Until Element Is Visible" library="SeleniumLibrary">
<arg>${element}</arg>
<doc>Waits until the element ``locator`` is visible.</doc>
<status status="PASS" starttime="20211226 13:47:47.188" endtime="20211226 13:47:47.214"/>
</kw>
<kw name="Click Element" library="SeleniumLibrary">
<arg>${element}</arg>
<doc>Click the element identified by ``locator``.</doc>
<msg timestamp="20211226 13:47:47.215" level="INFO">Clicking element '//*[@id="app"]//div[@class="spot-tabs"]//div[@class="order-type-tabs"]//div[text()="Limit"]'.</msg>
<status status="PASS" starttime="20211226 13:47:47.215" endtime="20211226 13:47:47.282"/>
</kw>
<status status="PASS" starttime="20211226 13:47:47.187" endtime="20211226 13:47:47.283"/>
</kw>
<kw name="Element Attribute Value Should Be" library="SeleniumLibrary">
<arg>${TRADE_SPOT_TRADE_FORM_ORDER_TYPE_LIMIT}</arg>
<arg>class</arg>
<arg>e-tabs__nav-item active</arg>
<doc>Verifies element identified by ``locator`` contains expected attribute value.</doc>
<msg timestamp="20211226 13:47:47.326" level="INFO">Element '//*[@id="app"]//div[@class="spot-tabs"]//div[@class="order-type-tabs"]//div[text()="Limit"]' attribute 'class' contains value 'e-tabs__nav-item active'.</msg>
<status status="PASS" starttime="20211226 13:47:47.283" endtime="20211226 13:47:47.326"/>
</kw>
<kw name="Get Value" library="SeleniumLibrary">
<var>${price}</var>
<arg>(${TRADE_SPOT_TRADE_FORM_TRADE_BLOCK_TRADE_INPUT})[1]/input</arg>
<doc>Returns the value attribute of the element identified by ``locator``.</doc>
<msg timestamp="20211226 13:47:47.353" level="INFO">${price} = 7.506</msg>
<status status="PASS" starttime="20211226 13:47:47.326" endtime="20211226 13:47:47.354"/>
</kw>
<if>
<branch type="IF" condition="'${amount}' != '${None}'">
<kw name="Clean And Input The Text" library="keywords_common">
<arg>(${TRADE_SPOT_TRADE_FORM_TRADE_BLOCK_TRADE_INPUT})[2]/input</arg>
<arg>${amount}</arg>
<kw name="Wait Until Element Is Visible" library="SeleniumLibrary">
<arg>${element}</arg>
<doc>Waits until the element ``locator`` is visible.</doc>
<status status="PASS" starttime="20211226 13:47:47.355" endtime="20211226 13:47:47.379"/>
</kw>
<kw name="Clear Element Text" library="SeleniumLibrary">
<arg>${element}</arg>
<doc>Clears the value of the text-input-element identified by ``locator``.</doc>
<status status="PASS" starttime="20211226 13:47:47.379" endtime="20211226 13:47:47.415"/>
</kw>
<kw name="Input Text" library="SeleniumLibrary">
<arg>${element}</arg>
<arg>${text}</arg>
<doc>Types the given ``text`` into the text field identified by ``locator``.</doc>
<msg timestamp="20211226 13:47:47.416" level="INFO">Typing text '2.5' into text field '(//*[@id="app"]//div[@class="trade-block" and not(contains(@style,"display: none"))]//div[@class="trade-input"]/div[@class="input-item"])[2]/input'.</msg>
<status status="PASS" starttime="20211226 13:47:47.415" endtime="20211226 13:47:47.495"/>
</kw>
<status status="PASS" starttime="20211226 13:47:47.354" endtime="20211226 13:47:47.495"/>
</kw>
<kw name="Get Value" library="SeleniumLibrary">
<var>${total_text}</var>
<arg>(${TRADE_SPOT_TRADE_FORM_TRADE_BLOCK_TRADE_INPUT})[3]/input</arg>
<doc>Returns the value attribute of the element identified by ``locator``.</doc>
<msg timestamp="20211226 13:47:47.523" level="INFO">${total_text} = 18.765</msg>
<status status="PASS" starttime="20211226 13:47:47.495" endtime="20211226 13:47:47.523"/>
</kw>
<kw name="Evaluate" library="BuiltIn">
<var>${expected_total}</var>
<arg>f"{float(${price}) * ${amount}:.4f}"</arg>
<doc>Evaluates the given expression in Python and returns the result.</doc>
<msg timestamp="20211226 13:47:47.525" level="INFO">${expected_total} = 18.7650</msg>
<status status="PASS" starttime="20211226 13:47:47.524" endtime="20211226 13:47:47.525"/>
</kw>
<kw name="Should Be Equal As Strings" library="BuiltIn">
<arg>${total_text}</arg>
<arg>${expected_total}[:-1]</arg>
<doc>Fails if objects are unequal after converting them to strings.</doc>
<status status="PASS" starttime="20211226 13:47:47.525" endtime="20211226 13:47:47.526"/>
</kw>
<status status="PASS" starttime="20211226 13:47:47.354" endtime="20211226 13:47:47.527"/>
</branch>
<branch type="ELSE IF" condition="'${total}' != '${None}'">
<kw name="Clean And Input The Text" library="keywords_common">
<arg>(${TRADE_SPOT_TRADE_FORM_TRADE_BLOCK_TRADE_INPUT})[3]/input</arg>
<arg>${total}</arg>
<status status="NOT RUN" starttime="20211226 13:47:47.527" endtime="20211226 13:47:47.527"/>
</kw>
<kw name="Get Value" library="SeleniumLibrary">
<var>${amount_text}</var>
<arg>(${TRADE_SPOT_TRADE_FORM_TRADE_BLOCK_TRADE_INPUT})[2]/input</arg>
<doc>Returns the value attribute of the element identified by ``locator``.</doc>
<status status="NOT RUN" starttime="20211226 13:47:47.527" endtime="20211226 13:47:47.527"/>
</kw>
<kw name="Evaluate" library="BuiltIn">
<var>${expected_amount}</var>
<arg>f"{${total} / float(${price}):.3f}"</arg>
<doc>Evaluates the given expression in Python and returns the result.</doc>
<status status="NOT RUN" starttime="20211226 13:47:47.527" endtime="20211226 13:47:47.527"/>
</kw>
<kw name="Should Be Equal As Strings" library="BuiltIn">
<arg>${amount_text}</arg>
<arg>${expected_amount}[:-1]</arg>
<doc>Fails if objects are unequal after converting them to strings.</doc>
<status status="NOT RUN" starttime="20211226 13:47:47.528" endtime="20211226 13:47:47.528"/>
</kw>
<status status="NOT RUN" starttime="20211226 13:47:47.527" endtime="20211226 13:47:47.528"/>
</branch>
<status status="PASS" starttime="20211226 13:47:47.354" endtime="20211226 13:47:47.528"/>
</if>
<status status="PASS" starttime="20211226 13:47:47.185" endtime="20211226 13:47:47.528"/>
</kw>
<kw name="Check The Input And Auto Fill In Limit Is Worked">
<arg>total=${30}</arg>
<kw name="Click Specific Element" library="keywords_common">
<arg>${TRADE_SPOT_TRADE_FORM_ORDER_TYPE_LIMIT}</arg>
<kw name="Wait Until Element Is Visible" library="SeleniumLibrary">
<arg>${element}</arg>
<doc>Waits until the element ``locator`` is visible.</doc>
<status status="PASS" starttime="20211226 13:47:47.532" endtime="20211226 13:47:47.558"/>
</kw>
<kw name="Click Element" library="SeleniumLibrary">
<arg>${element}</arg>
<doc>Click the element identified by ``locator``.</doc>
<msg timestamp="20211226 13:47:47.559" level="INFO">Clicking element '//*[@id="app"]//div[@class="spot-tabs"]//div[@class="order-type-tabs"]//div[text()="Limit"]'.</msg>
<status status="PASS" starttime="20211226 13:47:47.559" endtime="20211226 13:47:47.593"/>
</kw>
<status status="PASS" starttime="20211226 13:47:47.531" endtime="20211226 13:47:47.593"/>
</kw>
<kw name="Element Attribute Value Should Be" library="SeleniumLibrary">
<arg>${TRADE_SPOT_TRADE_FORM_ORDER_TYPE_LIMIT}</arg>
<arg>class</arg>
<arg>e-tabs__nav-item active</arg>
<doc>Verifies element identified by ``locator`` contains expected attribute value.</doc>
<msg timestamp="20211226 13:47:47.619" level="INFO">Element '//*[@id="app"]//div[@class="spot-tabs"]//div[@class="order-type-tabs"]//div[text()="Limit"]' attribute 'class' contains value 'e-tabs__nav-item active'.</msg>
<status status="PASS" starttime="20211226 13:47:47.594" endtime="20211226 13:47:47.620"/>
</kw>
<kw name="Get Value" library="SeleniumLibrary">
<var>${price}</var>
<arg>(${TRADE_SPOT_TRADE_FORM_TRADE_BLOCK_TRADE_INPUT})[1]/input</arg>
<doc>Returns the value attribute of the element identified by ``locator``.</doc>
<msg timestamp="20211226 13:47:47.711" level="INFO">${price} = 7.506</msg>
<status status="PASS" starttime="20211226 13:47:47.620" endtime="20211226 13:47:47.711"/>
</kw>
<if>
<branch type="IF" condition="'${amount}' != '${None}'">
<kw name="Clean And Input The Text" library="keywords_common">
<arg>(${TRADE_SPOT_TRADE_FORM_TRADE_BLOCK_TRADE_INPUT})[2]/input</arg>
<arg>${amount}</arg>
<status status="NOT RUN" starttime="20211226 13:47:47.712" endtime="20211226 13:47:47.712"/>
</kw>
<kw name="Get Value" library="SeleniumLibrary">
<var>${total_text}</var>
<arg>(${TRADE_SPOT_TRADE_FORM_TRADE_BLOCK_TRADE_INPUT})[3]/input</arg>
<doc>Returns the value attribute of the element identified by ``locator``.</doc>
<status status="NOT RUN" starttime="20211226 13:47:47.712" endtime="20211226 13:47:47.712"/>
</kw>
<kw name="Evaluate" library="BuiltIn">
<var>${expected_total}</var>
<arg>f"{float(${price}) * ${amount}:.4f}"</arg>
<doc>Evaluates the given expression in Python and returns the result.</doc>
<status status="NOT RUN" starttime="20211226 13:47:47.712" endtime="20211226 13:47:47.712"/>
</kw>
<kw name="Should Be Equal As Strings" library="BuiltIn">
<arg>${total_text}</arg>
<arg>${expected_total}[:-1]</arg>
<doc>Fails if objects are unequal after converting them to strings.</doc>
<status status="NOT RUN" starttime="20211226 13:47:47.712" endtime="20211226 13:47:47.712"/>
</kw>
<status status="NOT RUN" starttime="20211226 13:47:47.712" endtime="20211226 13:47:47.712"/>
</branch>
<branch type="ELSE IF" condition="'${total}' != '${None}'">
<kw name="Clean And Input The Text" library="keywords_common">
<arg>(${TRADE_SPOT_TRADE_FORM_TRADE_BLOCK_TRADE_INPUT})[3]/input</arg>
<arg>${total}</arg>
<kw name="Wait Until Element Is Visible" library="SeleniumLibrary">
<arg>${element}</arg>
<doc>Waits until the element ``locator`` is visible.</doc>
<status status="PASS" starttime="20211226 13:47:47.713" endtime="20211226 13:47:47.741"/>
</kw>
<kw name="Clear Element Text" library="SeleniumLibrary">
<arg>${element}</arg>
<doc>Clears the value of the text-input-element identified by ``locator``.</doc>
<status status="PASS" starttime="20211226 13:47:47.741" endtime="20211226 13:47:47.780"/>
</kw>
<kw name="Input Text" library="SeleniumLibrary">
<arg>${element}</arg>
<arg>${text}</arg>
<doc>Types the given ``text`` into the text field identified by ``locator``.</doc>
<msg timestamp="20211226 13:47:47.782" level="INFO">Typing text '30' into text field '(//*[@id="app"]//div[@class="trade-block" and not(contains(@style,"display: none"))]//div[@class="trade-input"]/div[@class="input-item"])[3]/input'.</msg>
<status status="PASS" starttime="20211226 13:47:47.781" endtime="20211226 13:47:47.848"/>
</kw>
<status status="PASS" starttime="20211226 13:47:47.713" endtime="20211226 13:47:47.848"/>
</kw>
<kw name="Get Value" library="SeleniumLibrary">
<var>${amount_text}</var>
<arg>(${TRADE_SPOT_TRADE_FORM_TRADE_BLOCK_TRADE_INPUT})[2]/input</arg>
<doc>Returns the value attribute of the element identified by ``locator``.</doc>
<msg timestamp="20211226 13:47:47.874" level="INFO">${amount_text} = 3.99</msg>
<status status="PASS" starttime="20211226 13:47:47.848" endtime="20211226 13:47:47.874"/>
</kw>
<kw name="Evaluate" library="BuiltIn">
<var>${expected_amount}</var>
<arg>f"{${total} / float(${price}):.3f}"</arg>
<doc>Evaluates the given expression in Python and returns the result.</doc>
<msg timestamp="20211226 13:47:47.875" level="INFO">${expected_amount} = 3.997</msg>
<status status="PASS" starttime="20211226 13:47:47.874" endtime="20211226 13:47:47.875"/>
</kw>
<kw name="Should Be Equal As Strings" library="BuiltIn">
<arg>${amount_text}</arg>
<arg>${expected_amount}[:-1]</arg>
<doc>Fails if objects are unequal after converting them to strings.</doc>
<status status="PASS" starttime="20211226 13:47:47.875" endtime="20211226 13:47:47.875"/>
</kw>
<status status="PASS" starttime="20211226 13:47:47.713" endtime="20211226 13:47:47.875"/>
</branch>
<status status="PASS" starttime="20211226 13:47:47.711" endtime="20211226 13:47:47.875"/>
</if>
<status status="PASS" starttime="20211226 13:47:47.528" endtime="20211226 13:47:47.876"/>
</kw>
<kw name="Check The Input And Auto Fill In Limit Is Worked">
<arg>total=${20.77}</arg>
<kw name="Click Specific Element" library="keywords_common">
<arg>${TRADE_SPOT_TRADE_FORM_ORDER_TYPE_LIMIT}</arg>
<kw name="Wait Until Element Is Visible" library="SeleniumLibrary">
<arg>${element}</arg>
<doc>Waits until the element ``locator`` is visible.</doc>
<status status="PASS" starttime="20211226 13:47:47.878" endtime="20211226 13:47:47.905"/>
</kw>
<kw name="Click Element" library="SeleniumLibrary">
<arg>${element}</arg>
<doc>Click the element identified by ``locator``.</doc>
<msg timestamp="20211226 13:47:47.906" level="INFO">Clicking element '//*[@id="app"]//div[@class="spot-tabs"]//div[@class="order-type-tabs"]//div[text()="Limit"]'.</msg>
<status status="PASS" starttime="20211226 13:47:47.905" endtime="20211226 13:47:47.942"/>
</kw>
<status status="PASS" starttime="20211226 13:47:47.877" endtime="20211226 13:47:47.942"/>
</kw>
<kw name="Element Attribute Value Should Be" library="SeleniumLibrary">
<arg>${TRADE_SPOT_TRADE_FORM_ORDER_TYPE_LIMIT}</arg>
<arg>class</arg>
<arg>e-tabs__nav-item active</arg>
<doc>Verifies element identified by ``locator`` contains expected attribute value.</doc>
<msg timestamp="20211226 13:47:47.967" level="INFO">Element '//*[@id="app"]//div[@class="spot-tabs"]//div[@class="order-type-tabs"]//div[text()="Limit"]' attribute 'class' contains value 'e-tabs__nav-item active'.</msg>
<status status="PASS" starttime="20211226 13:47:47.942" endtime="20211226 13:47:47.967"/>
</kw>
<kw name="Get Value" library="SeleniumLibrary">
<var>${price}</var>
<arg>(${TRADE_SPOT_TRADE_FORM_TRADE_BLOCK_TRADE_INPUT})[1]/input</arg>
<doc>Returns the value attribute of the element identified by ``locator``.</doc>
<msg timestamp="20211226 13:47:48.023" level="INFO">${price} = 7.506</msg>
<status status="PASS" starttime="20211226 13:47:47.968" endtime="20211226 13:47:48.023"/>
</kw>
<if>
<branch type="IF" condition="'${amount}' != '${None}'">
<kw name="Clean And Input The Text" library="keywords_common">
<arg>(${TRADE_SPOT_TRADE_FORM_TRADE_BLOCK_TRADE_INPUT})[2]/input</arg>
<arg>${amount}</arg>
<status status="NOT RUN" starttime="20211226 13:47:48.023" endtime="20211226 13:47:48.024"/>
</kw>
<kw name="Get Value" library="SeleniumLibrary">
<var>${total_text}</var>
<arg>(${TRADE_SPOT_TRADE_FORM_TRADE_BLOCK_TRADE_INPUT})[3]/input</arg>
<doc>Returns the value attribute of the element identified by ``locator``.</doc>
<status status="NOT RUN" starttime="20211226 13:47:48.024" endtime="20211226 13:47:48.024"/>
</kw>
<kw name="Evaluate" library="BuiltIn">
<var>${expected_total}</var>
<arg>f"{float(${price}) * ${amount}:.4f}"</arg>
<doc>Evaluates the given expression in Python and returns the result.</doc>
<status status="NOT RUN" starttime="20211226 13:47:48.024" endtime="20211226 13:47:48.024"/>
</kw>
<kw name="Should Be Equal As Strings" library="BuiltIn">
<arg>${total_text}</arg>
<arg>${expected_total}[:-1]</arg>
<doc>Fails if objects are unequal after converting them to strings.</doc>
<status status="NOT RUN" starttime="20211226 13:47:48.024" endtime="20211226 13:47:48.024"/>
</kw>
<status status="NOT RUN" starttime="20211226 13:47:48.023" endtime="20211226 13:47:48.024"/>
</branch>
<branch type="ELSE IF" condition="'${total}' != '${None}'">
<kw name="Clean And Input The Text" library="keywords_common">
<arg>(${TRADE_SPOT_TRADE_FORM_TRADE_BLOCK_TRADE_INPUT})[3]/input</arg>
<arg>${total}</arg>
<kw name="Wait Until Element Is Visible" library="SeleniumLibrary">
<arg>${element}</arg>
<doc>Waits until the element ``locator`` is visible.</doc>
<status status="PASS" starttime="20211226 13:47:48.025" endtime="20211226 13:47:48.068"/>
</kw>
<kw name="Clear Element Text" library="SeleniumLibrary">
<arg>${element}</arg>
<doc>Clears the value of the text-input-element identified by ``locator``.</doc>
<status status="PASS" starttime="20211226 13:47:48.068" endtime="20211226 13:47:48.104"/>
</kw>
<kw name="Input Text" library="SeleniumLibrary">
<arg>${element}</arg>
<arg>${text}</arg>
<doc>Types the given ``text`` into the text field identified by ``locator``.</doc>
<msg timestamp="20211226 13:47:48.105" level="INFO">Typing text '20.77' into text field '(//*[@id="app"]//div[@class="trade-block" and not(contains(@style,"display: none"))]//div[@class="trade-input"]/div[@class="input-item"])[3]/input'.</msg>
<status status="PASS" starttime="20211226 13:47:48.104" endtime="20211226 13:47:48.173"/>
</kw>
<status status="PASS" starttime="20211226 13:47:48.024" endtime="20211226 13:47:48.173"/>
</kw>
<kw name="Get Value" library="SeleniumLibrary">
<var>${amount_text}</var>
<arg>(${TRADE_SPOT_TRADE_FORM_TRADE_BLOCK_TRADE_INPUT})[2]/input</arg>
<doc>Returns the value attribute of the element identified by ``locator``.</doc>
<msg timestamp="20211226 13:47:48.199" level="INFO">${amount_text} = 2.76</msg>
<status status="PASS" starttime="20211226 13:47:48.173" endtime="20211226 13:47:48.199"/>
</kw>
<kw name="Evaluate" library="BuiltIn">
<var>${expected_amount}</var>
<arg>f"{${total} / float(${price}):.3f}"</arg>
<doc>Evaluates the given expression in Python and returns the result.</doc>
<msg timestamp="20211226 13:47:48.200" level="INFO">${expected_amount} = 2.767</msg>
<status status="PASS" starttime="20211226 13:47:48.199" endtime="20211226 13:47:48.200"/>
</kw>
<kw name="Should Be Equal As Strings" library="BuiltIn">
<arg>${amount_text}</arg>
<arg>${expected_amount}[:-1]</arg>
<doc>Fails if objects are unequal after converting them to strings.</doc>
<status status="PASS" starttime="20211226 13:47:48.200" endtime="20211226 13:47:48.200"/>
</kw>
<status status="PASS" starttime="20211226 13:47:48.024" endtime="20211226 13:47:48.200"/>
</branch>
<status status="PASS" starttime="20211226 13:47:48.023" endtime="20211226 13:47:48.200"/>
</if>
<status status="PASS" starttime="20211226 13:47:47.876" endtime="20211226 13:47:48.201"/>
</kw>
<kw name="Test Teardown" type="TEARDOWN">
<kw name="Run Keyword If Test Failed" library="BuiltIn">
<arg>Capture Page Screenshot</arg>
<doc>Runs the given keyword with the given arguments, if the test failed.</doc>
<status status="PASS" starttime="20211226 13:47:48.201" endtime="20211226 13:47:48.201"/>
</kw>
<status status="PASS" starttime="20211226 13:47:48.201" endtime="20211226 13:47:48.202"/>
</kw>
<tag>cro</tag>
<tag>market</tag>
<tag>web</tag>
<timeout value="30 seconds"/>
<status status="PASS" starttime="20211226 13:47:44.003" endtime="20211226 13:47:48.202"/>
</test>
<test id="s1-s1-s1-t4" name="Check the popup message is expected in each order type">
<kw name="Test Setup" type="SETUP">
<kw name="Go To Markets Page" library="keywords_common">
<kw name="Go To" library="SeleniumLibrary">
<arg>https://crypto.com/exchange/markets</arg>
<doc>Navigates the current browser window to the provided ``url``.</doc>
<msg timestamp="20211226 13:47:48.204" level="INFO">Opening url 'https://crypto.com/exchange/markets'</msg>
<status status="PASS" starttime="20211226 13:47:48.204" endtime="20211226 13:47:48.907"/>
</kw>
<kw name="Wait Until Element Is Visible" library="SeleniumLibrary">
<arg>${MARKETS_PAGE_MARKET_TITLE_TEXT}</arg>
<doc>Waits until the element ``locator`` is visible.</doc>
<status status="PASS" starttime="20211226 13:47:48.907" endtime="20211226 13:47:48.979"/>
</kw>
<status status="PASS" starttime="20211226 13:47:48.204" endtime="20211226 13:47:48.979"/>
</kw>
<kw name="Navigate To Specific Coin Trade Spot From Markets Page" library="keywords_common">
<arg>${base_coin}</arg>
<arg>${quote_coin}</arg>
<kw name="Scroll Element Into View" library="SeleniumLibrary">
<arg>${MARKETS_PAGE_MARKET_TRADE_LIST_${quote_coin}_TITLE_TEXT}</arg>
<doc>Scrolls the element identified by ``locator`` into view.</doc>
<status status="PASS" starttime="20211226 13:47:48.980" endtime="20211226 13:47:49.291"/>
</kw>
<kw name="Click Specific Element" library="keywords_common">
<arg>${MARKETS_PAGE_MARKET_TRADE_LIST_${quote_coin}_TITLE_TEXT}</arg>
<kw name="Wait Until Element Is Visible" library="SeleniumLibrary">
<arg>${element}</arg>
<doc>Waits until the element ``locator`` is visible.</doc>
<status status="PASS" starttime="20211226 13:47:49.292" endtime="20211226 13:47:49.396"/>
</kw>
<kw name="Click Element" library="SeleniumLibrary">
<arg>${element}</arg>
<doc>Click the element identified by ``locator``.</doc>
<msg timestamp="20211226 13:47:49.397" level="INFO">Clicking element '//*[@id="app"]//div[@class="market-title-box markets-container"]//div[text()="CRO"]'.</msg>
<status status="PASS" starttime="20211226 13:47:49.396" endtime="20211226 13:47:49.447"/>
</kw>
<status status="PASS" starttime="20211226 13:47:49.291" endtime="20211226 13:47:49.447"/>
</kw>
<kw name="Clean And Input The Text" library="keywords_common">
<arg>${MARKETS_PAGE_MARKET_TRADE_LIST_SEARCH_INPUT}</arg>
<arg>${base_coin}</arg>
<kw name="Wait Until Element Is Visible" library="SeleniumLibrary">
<arg>${element}</arg>
<doc>Waits until the element ``locator`` is visible.</doc>
<status status="PASS" starttime="20211226 13:47:49.448" endtime="20211226 13:47:49.476"/>
</kw>
<kw name="Clear Element Text" library="SeleniumLibrary">
<arg>${element}</arg>
<doc>Clears the value of the text-input-element identified by ``locator``.</doc>
<status status="PASS" starttime="20211226 13:47:49.476" endtime="20211226 13:47:49.520"/>
</kw>
<kw name="Input Text" library="SeleniumLibrary">
<arg>${element}</arg>
<arg>${text}</arg>
<doc>Types the given ``text`` into the text field identified by ``locator``.</doc>
<msg timestamp="20211226 13:47:49.521" level="INFO">Typing text 'XTZ' into text field '//*[@id="app"]//div[@class="market-title-box markets-container"]//input[@class="search-input"]'.</msg>
<status status="PASS" starttime="20211226 13:47:49.520" endtime="20211226 13:47:49.609"/>
</kw>
<status status="PASS" starttime="20211226 13:47:49.447" endtime="20211226 13:47:49.609"/>
</kw>
<kw name="Element Text Should Be" library="SeleniumLibrary">
<arg>${MARKETS_PAGE_MARKET_TRADE_LIST_FIRST_ROW_INSTRUMENT_NAME_BASE}</arg>
<arg>${base_coin}</arg>
<doc>Verifies that element ``locator`` contains exact the text ``expected``.</doc>
<msg timestamp="20211226 13:47:49.610" level="INFO">Verifying element '//*[@id="app"]//div[@data-test="market-trade-list"]//tbody[@class="table__body"]/tr[1]//span[@class="base"]' contains exact text 'XTZ'.</msg>
<status status="PASS" starttime="20211226 13:47:49.609" endtime="20211226 13:47:49.637"/>
</kw>
<kw name="Element Text Should Be" library="SeleniumLibrary">
<arg>${MARKETS_PAGE_MARKET_TRADE_LIST_FIRST_ROW_INSTRUMENT_NAME_QUOTE}</arg>
<arg>/${quote_coin}</arg>
<doc>Verifies that element ``locator`` contains exact the text ``expected``.</doc>
<msg timestamp="20211226 13:47:49.638" level="INFO">Verifying element '//*[@id="app"]//div[@data-test="market-trade-list"]//tbody[@class="table__body"]/tr[1]//span[@class="quote"]' contains exact text '/CRO'.</msg>
<status status="PASS" starttime="20211226 13:47:49.637" endtime="20211226 13:47:49.661"/>
</kw>
<kw name="Click Specific Element" library="keywords_common">
<arg>${MARKETS_PAGE_MARKET_TRADE_LIST_FIRST_ROW_TRADE_BUTTON}</arg>
<kw name="Wait Until Element Is Visible" library="SeleniumLibrary">
<arg>${element}</arg>
<doc>Waits until the element ``locator`` is visible.</doc>
<status status="PASS" starttime="20211226 13:47:49.661" endtime="20211226 13:47:49.691"/>
</kw>
<kw name="Click Element" library="SeleniumLibrary">
<arg>${element}</arg>
<doc>Click the element identified by ``locator``.</doc>
<msg timestamp="20211226 13:47:49.691" level="INFO">Clicking element '//*[@id="app"]//div[@data-test="market-trade-list"]//tbody[@class="table__body"]/tr[1]//button[contains(@class,"btn-trade")]'.</msg>
<status status="PASS" starttime="20211226 13:47:49.691" endtime="20211226 13:47:49.748"/>
</kw>
<status status="PASS" starttime="20211226 13:47:49.661" endtime="20211226 13:47:49.749"/>
</kw>
<kw name="Wait Until Keyword Succeeds" library="BuiltIn">
<arg>10s</arg>
<arg>1s</arg>
<arg>Check The Defaut Price Is Not Empty</arg>
<doc>Runs the specified keyword and retries if it fails.</doc>
<kw name="Check The Defaut Price Is Not Empty" library="keywords_trade_spot">
<doc>Check the defaut price in trade form is displayed</doc>
<kw name="Get Value" library="SeleniumLibrary">
<var>${price}</var>
<arg>(${TRADE_SPOT_TRADE_FORM_TRADE_BLOCK_TRADE_INPUT})[1]/input</arg>
<doc>Returns the value attribute of the element identified by ``locator``.</doc>
<msg timestamp="20211226 13:47:49.989" level="INFO">${price} = </msg>
<status status="PASS" starttime="20211226 13:47:49.750" endtime="20211226 13:47:49.989"/>
</kw>
<kw name="Should Not Be Empty" library="BuiltIn">
<arg>${price}</arg>
<doc>Verifies that the given item is not empty.</doc>
<msg timestamp="20211226 13:47:49.990" level="INFO">Length is 0</msg>
<msg timestamp="20211226 13:47:49.990" level="FAIL">'' should not be empty.</msg>
<status status="FAIL" starttime="20211226 13:47:49.989" endtime="20211226 13:47:49.990"/>
</kw>
<status status="FAIL" starttime="20211226 13:47:49.750" endtime="20211226 13:47:49.992"/>
</kw>
<kw name="Check The Defaut Price Is Not Empty" library="keywords_trade_spot">
<doc>Check the defaut price in trade form is displayed</doc>
<kw name="Get Value" library="SeleniumLibrary">
<var>${price}</var>
<arg>(${TRADE_SPOT_TRADE_FORM_TRADE_BLOCK_TRADE_INPUT})[1]/input</arg>
<doc>Returns the value attribute of the element identified by ``locator``.</doc>
<msg timestamp="20211226 13:47:51.074" level="INFO">${price} = 7.503</msg>
<status status="PASS" starttime="20211226 13:47:50.994" endtime="20211226 13:47:51.074"/>
</kw>
<kw name="Should Not Be Empty" library="BuiltIn">
<arg>${price}</arg>
<doc>Verifies that the given item is not empty.</doc>
<msg timestamp="20211226 13:47:51.075" level="INFO">Length is 5</msg>
<status status="PASS" starttime="20211226 13:47:51.074" endtime="20211226 13:47:51.075"/>
</kw>
<status status="PASS" starttime="20211226 13:47:50.992" endtime="20211226 13:47:51.075"/>
</kw>
<status status="PASS" starttime="20211226 13:47:49.749" endtime="20211226 13:47:51.076"/>
</kw>
<status status="PASS" starttime="20211226 13:47:48.979" endtime="20211226 13:47:51.076"/>
</kw>
<status status="PASS" starttime="20211226 13:47:48.203" endtime="20211226 13:47:51.076"/>
</kw>
<kw name="Check Each Popup Content Is Expected">
<arg>Stop Loss</arg>
<kw name="Click Order Type Dropdown And Select Specific Type" library="keywords_trade_spot">
<arg>${order_type}</arg>
<kw name="Click Specific Element" library="keywords_common">
<arg>${TRADE_SPOT_TRADE_FORM_ORDER_TYPE_DROPDOWN_ICON}</arg>
<kw name="Wait Until Element Is Visible" library="SeleniumLibrary">
<arg>${element}</arg>
<doc>Waits until the element ``locator`` is visible.</doc>
<status status="PASS" starttime="20211226 13:47:51.078" endtime="20211226 13:47:51.106"/>
</kw>
<kw name="Click Element" library="SeleniumLibrary">
<arg>${element}</arg>
<doc>Click the element identified by ``locator``.</doc>
<msg timestamp="20211226 13:47:51.106" level="INFO">Clicking element '//*[@id="app"]//div[@class="spot-tabs"]//div[@class="order-type-tabs"]//div[@class="advanced-dropdown-trigger"]//*[@class="e-icon e-icon-accordion"]'.</msg>
<status status="PASS" starttime="20211226 13:47:51.106" endtime="20211226 13:47:51.145"/>
</kw>
<status status="PASS" starttime="20211226 13:47:51.078" endtime="20211226 13:47:51.146"/>
</kw>
<kw name="Click Specific Element" library="keywords_common">
<arg>${TRADE_SPOT_TRADE_FORM_ORDER_TYPE_DROPDOWN_LIST}//button[text()="${order_type}"]</arg>
<kw name="Wait Until Element Is Visible" library="SeleniumLibrary">
<arg>${element}</arg>
<doc>Waits until the element ``locator`` is visible.</doc>
<status status="PASS" starttime="20211226 13:47:51.147" endtime="20211226 13:47:51.411"/>
</kw>
<kw name="Click Element" library="SeleniumLibrary">
<arg>${element}</arg>
<doc>Click the element identified by ``locator``.</doc>
<msg timestamp="20211226 13:47:51.412" level="INFO">Clicking element '//*[@id="app"]//div[@class="spot-tabs"]//div[@class="order-type-tabs"]//div[contains(@class,"e-dropdown-content")]//button[text()="Stop Loss"]'.</msg>
<status status="PASS" starttime="20211226 13:47:51.411" endtime="20211226 13:47:51.474"/>
</kw>
<status status="PASS" starttime="20211226 13:47:51.146" endtime="20211226 13:47:51.474"/>
</kw>
<status status="PASS" starttime="20211226 13:47:51.077" endtime="20211226 13:47:51.474"/>
</kw>
<kw name="Click Specific Element" library="keywords_common">
<arg>${TRADE_SPOT_TRADE_FORM_ORDER_TYPE_TIP_ICON}</arg>
<kw name="Wait Until Element Is Visible" library="SeleniumLibrary">
<arg>${element}</arg>
<doc>Waits until the element ``locator`` is visible.</doc>
<status status="PASS" starttime="20211226 13:47:51.475" endtime="20211226 13:47:51.502"/>
</kw>
<kw name="Click Element" library="SeleniumLibrary">
<arg>${element}</arg>
<doc>Click the element identified by ``locator``.</doc>
<msg timestamp="20211226 13:47:51.503" level="INFO">Clicking element '//*[@id="app"]//div[@class="spot-tabs"]//div[@class="order-type-tabs"]//div[@class="advanced-dropdown-trigger"]//*[@class="e-icon e-icon-info"]'.</msg>
<status status="PASS" starttime="20211226 13:47:51.503" endtime="20211226 13:47:51.565"/>
</kw>
<status status="PASS" starttime="20211226 13:47:51.474" endtime="20211226 13:47:51.565"/>
</kw>
<kw name="Check The Element And The Text Is Expected">
<arg>${TRADE_SPOT_POPUP_MESSAGE_TITLE}</arg>
<arg>${order_type}</arg>
<kw name="Wait Until Element Is Visible" library="SeleniumLibrary">
<arg>${location}</arg>
<doc>Waits until the element ``locator`` is visible.</doc>
<status status="PASS" starttime="20211226 13:47:51.566" endtime="20211226 13:47:51.836"/>
</kw>
<kw name="Element Text Should Be" library="SeleniumLibrary">
<arg>${location}</arg>
<arg>${text}</arg>
<doc>Verifies that element ``locator`` contains exact the text ``expected``.</doc>
<msg timestamp="20211226 13:47:51.836" level="INFO">Verifying element '//div[contains(@class,"e-modal")]//div[@class="d-title"]' contains exact text 'Stop Loss'.</msg>
<status status="PASS" starttime="20211226 13:47:51.836" endtime="20211226 13:47:51.857"/>
</kw>
<status status="PASS" starttime="20211226 13:47:51.565" endtime="20211226 13:47:51.857"/>
</kw>
<kw name="Check The Element And The Text Is Expected">
<arg>${TRADE_SPOT_POPUP_MESSAGE_CONTENT}</arg>
<arg>${order_type_popup_message["${order_type}"]}</arg>
<kw name="Wait Until Element Is Visible" library="SeleniumLibrary">
<arg>${location}</arg>
<doc>Waits until the element ``locator`` is visible.</doc>
<status status="PASS" starttime="20211226 13:47:51.861" endtime="20211226 13:47:51.888"/>
</kw>
<kw name="Element Text Should Be" library="SeleniumLibrary">
<arg>${location}</arg>
<arg>${text}</arg>
<doc>Verifies that element ``locator`` contains exact the text ``expected``.</doc>
<msg timestamp="20211226 13:47:51.888" level="INFO">Verifying element '//div[contains(@class,"e-modal")]//div[@class="d-desc"]' contains exact text 'A stop-loss order is to place a market order to buy or sell a coin once the last traded price reaches a specified price (stop price).'.</msg>
<status status="PASS" starttime="20211226 13:47:51.888" endtime="20211226 13:47:51.957"/>
</kw>
<status status="PASS" starttime="20211226 13:47:51.858" endtime="20211226 13:47:51.957"/>
</kw>
<kw name="Click Specific Element" library="keywords_common">
<arg>${TRADE_SPOT_POPUP_CANCEL_BUTTON}</arg>
<kw name="Wait Until Element Is Visible" library="SeleniumLibrary">
<arg>${element}</arg>
<doc>Waits until the element ``locator`` is visible.</doc>
<status status="PASS" starttime="20211226 13:47:51.958" endtime="20211226 13:47:51.986"/>
</kw>
<kw name="Click Element" library="SeleniumLibrary">
<arg>${element}</arg>
<doc>Click the element identified by ``locator``.</doc>
<msg timestamp="20211226 13:47:51.987" level="INFO">Clicking element '//div[contains(@class,"e-modal")]//div//button'.</msg>
<status status="PASS" starttime="20211226 13:47:51.987" endtime="20211226 13:47:52.026"/>
</kw>
<status status="PASS" starttime="20211226 13:47:51.957" endtime="20211226 13:47:52.026"/>
</kw>
<kw name="Wait Until Keyword Succeeds" library="BuiltIn">
<arg>5s</arg>
<arg>1s</arg>
<arg>Element Should Not Be Visible</arg>
<arg>${TRADE_SPOT_POPUP_MESSAGE_TITLE}</arg>
<doc>Runs the specified keyword and retries if it fails.</doc>
<kw name="Element Should Not Be Visible" library="SeleniumLibrary">
<arg>${TRADE_SPOT_POPUP_MESSAGE_TITLE}</arg>
<doc>Verifies that the element identified by ``locator`` is NOT visible.</doc>
<kw name="Capture Page Screenshot" library="SeleniumLibrary">
<doc>Takes a screenshot of the current page and embeds it into a log file.</doc>
<msg timestamp="20211226 13:47:52.204" level="INFO" html="true">&lt;/td&gt;&lt;/tr&gt;&lt;tr&gt;&lt;td colspan="3"&gt;&lt;a href="selenium-screenshot-2.png"&gt;&lt;img src="selenium-screenshot-2.png" width="800px"&gt;&lt;/a&gt;</msg>
<status status="PASS" starttime="20211226 13:47:52.052" endtime="20211226 13:47:52.205"/>
</kw>
<msg timestamp="20211226 13:47:52.205" level="FAIL">The element '//div[contains(@class,"e-modal")]//div[@class="d-title"]' should not be visible, but it is.</msg>
<status status="FAIL" starttime="20211226 13:47:52.026" endtime="20211226 13:47:52.206"/>
</kw>
<kw name="Element Should Not Be Visible" library="SeleniumLibrary">
<arg>${TRADE_SPOT_POPUP_MESSAGE_TITLE}</arg>
<doc>Verifies that the element identified by ``locator`` is NOT visible.</doc>
<msg timestamp="20211226 13:47:53.241" level="INFO">Element '//div[contains(@class,"e-modal")]//div[@class="d-title"]' did not exist.</msg>
<status status="PASS" starttime="20211226 13:47:53.208" endtime="20211226 13:47:53.241"/>
</kw>
<status status="PASS" starttime="20211226 13:47:52.026" endtime="20211226 13:47:53.241"/>
</kw>
<status status="PASS" starttime="20211226 13:47:51.076" endtime="20211226 13:47:53.242"/>
</kw>
<kw name="Check Each Popup Content Is Expected">
<arg>Stop Limit</arg>
<kw name="Click Order Type Dropdown And Select Specific Type" library="keywords_trade_spot">
<arg>${order_type}</arg>
<kw name="Click Specific Element" library="keywords_common">
<arg>${TRADE_SPOT_TRADE_FORM_ORDER_TYPE_DROPDOWN_ICON}</arg>
<kw name="Wait Until Element Is Visible" library="SeleniumLibrary">
<arg>${element}</arg>
<doc>Waits until the element ``locator`` is visible.</doc>
<status status="PASS" starttime="20211226 13:47:53.244" endtime="20211226 13:47:53.289"/>
</kw>
<kw name="Click Element" library="SeleniumLibrary">
<arg>${element}</arg>
<doc>Click the element identified by ``locator``.</doc>
<msg timestamp="20211226 13:47:53.290" level="INFO">Clicking element '//*[@id="app"]//div[@class="spot-tabs"]//div[@class="order-type-tabs"]//div[@class="advanced-dropdown-trigger"]//*[@class="e-icon e-icon-accordion"]'.</msg>
<status status="PASS" starttime="20211226 13:47:53.289" endtime="20211226 13:47:53.328"/>
</kw>
[...]
<status status="FAIL" starttime="20211226 13:48:12.434" endtime="20211226 13:48:12.691"/>
</kw>
<kw name="Check The Defaut Price Is Not Empty" library="keywords_trade_spot">
<doc>Check the defaut price in trade form is displayed</doc>
<kw name="Get Value" library="SeleniumLibrary">
<var>${price}</var>
<arg>(${TRADE_SPOT_TRADE_FORM_TRADE_BLOCK_TRADE_INPUT})[1]/input</arg>
<doc>Returns the value attribute of the element identified by ``locator``.</doc>
<msg timestamp="20211226 13:48:13.733" level="INFO">${price} = 7.492</msg>
<status status="PASS" starttime="20211226 13:48:13.694" endtime="20211226 13:48:13.733"/>
</kw>
<kw name="Should Not Be Empty" library="BuiltIn">
<arg>${price}</arg>
<doc>Verifies that the given item is not empty.</doc>
<msg timestamp="20211226 13:48:13.734" level="INFO">Length is 5</msg>
<status status="PASS" starttime="20211226 13:48:13.733" endtime="20211226 13:48:13.734"/>
</kw>
<status status="PASS" starttime="20211226 13:48:13.693" endtime="20211226 13:48:13.734"/>
</kw>
<status status="PASS" starttime="20211226 13:48:12.433" endtime="20211226 13:48:13.734"/>
</kw>
<status status="PASS" starttime="20211226 13:48:11.509" endtime="20211226 13:48:13.734"/>
</kw>
<status status="PASS" starttime="20211226 13:48:10.847" endtime="20211226 13:48:13.734"/>
</kw>
<kw name="Enable Or Disable Favorite Button" library="keywords_trade_spot">
<arg>${true}</arg>
<kw name="Get Element Attribute" library="SeleniumLibrary">
<var>${button_status}</var>
<arg>${TRADE_SPOT_SYMBOL_INFO_FAVORITE_BUTTON}</arg>
<arg>class</arg>
<doc>Returns the value of ``attribute`` from the element ``locator``.</doc>
<msg timestamp="20211226 13:48:13.767" level="INFO">${button_status} = favorite e-icon favorite</msg>
<status status="PASS" starttime="20211226 13:48:13.735" endtime="20211226 13:48:13.767"/>
</kw>
<kw name="Split String" library="String">
<var>${button_status}</var>
<arg>${button_status}</arg>
<doc>Splits the ``string`` using ``separator`` as a delimiter string.</doc>
<msg timestamp="20211226 13:48:13.767" level="INFO">${button_status} = ['favorite', 'e-icon', 'favorite']</msg>
<status status="PASS" starttime="20211226 13:48:13.767" endtime="20211226 13:48:13.767"/>
</kw>
<kw name="Set Variable If" library="BuiltIn">
<var>${button_status}</var>
<arg>'on' in ${button_status}</arg>
<arg>${true}</arg>
<arg>${false}</arg>
<doc>Sets variable based on the given condition.</doc>
<msg timestamp="20211226 13:48:13.768" level="INFO">${button_status} = False</msg>
<status status="PASS" starttime="20211226 13:48:13.767" endtime="20211226 13:48:13.768"/>
</kw>
<if>
<branch type="IF" condition="'${button_status}' != '${button_type}'">
<kw name="Click Specific Element" library="keywords_common">
<arg>${TRADE_SPOT_SYMBOL_INFO_FAVORITE_BUTTON}</arg>
<kw name="Wait Until Element Is Visible" library="SeleniumLibrary">
<arg>${element}</arg>
<doc>Waits until the element ``locator`` is visible.</doc>
<status status="PASS" starttime="20211226 13:48:13.768" endtime="20211226 13:48:13.796"/>
</kw>
<kw name="Click Element" library="SeleniumLibrary">
<arg>${element}</arg>
<doc>Click the element identified by ``locator``.</doc>
<msg timestamp="20211226 13:48:13.797" level="INFO">Clicking element '//*[@id="app"]//div[@class="symbol-info"]/div//*[contains(@class,"favorite")]'.</msg>
<status status="PASS" starttime="20211226 13:48:13.797" endtime="20211226 13:48:13.868"/>
</kw>
<status status="PASS" starttime="20211226 13:48:13.768" endtime="20211226 13:48:13.868"/>
</kw>
<status status="PASS" starttime="20211226 13:48:13.768" endtime="20211226 13:48:13.868"/>
</branch>
<status status="PASS" starttime="20211226 13:48:13.768" endtime="20211226 13:48:13.868"/>
</if>
<status status="PASS" starttime="20211226 13:48:13.734" endtime="20211226 13:48:13.868"/>
</kw>
<kw name="Go To Markets Page" library="keywords_common">
<kw name="Go To" library="SeleniumLibrary">
<arg>https://crypto.com/exchange/markets</arg>
<doc>Navigates the current browser window to the provided ``url``.</doc>
<msg timestamp="20211226 13:48:13.869" level="INFO">Opening url 'https://crypto.com/exchange/markets'</msg>
<status status="PASS" starttime="20211226 13:48:13.869" endtime="20211226 13:48:14.588"/>
</kw>
<kw name="Wait Until Element Is Visible" library="SeleniumLibrary">
<arg>${MARKETS_PAGE_MARKET_TITLE_TEXT}</arg>
<doc>Waits until the element ``locator`` is visible.</doc>
<status status="PASS" starttime="20211226 13:48:14.588" endtime="20211226 13:48:14.644"/>
</kw>
<status status="PASS" starttime="20211226 13:48:13.869" endtime="20211226 13:48:14.645"/>
</kw>
<kw name="Scroll Element Into View" library="SeleniumLibrary">
<arg>${MARKETS_PAGE_MARKET_TRADE_LIST_FAVORITES_TITLE_TEXT}</arg>
<doc>Scrolls the element identified by ``locator`` into view.</doc>
<status status="PASS" starttime="20211226 13:48:14.645" endtime="20211226 13:48:14.956"/>
</kw>
<kw name="Click Specific Element" library="keywords_common">
<arg>${MARKETS_PAGE_MARKET_TRADE_LIST_FAVORITES_TITLE_TEXT}</arg>
<kw name="Wait Until Element Is Visible" library="SeleniumLibrary">
<arg>${element}</arg>
<doc>Waits until the element ``locator`` is visible.</doc>
<status status="PASS" starttime="20211226 13:48:14.957" endtime="20211226 13:48:15.091"/>
</kw>
<kw name="Click Element" library="SeleniumLibrary">
<arg>${element}</arg>
<doc>Click the element identified by ``locator``.</doc>
<msg timestamp="20211226 13:48:15.092" level="INFO">Clicking element '//*[@id="app"]//div[@class="market-title-box markets-container"]//div[text()="Favorites"]'.</msg>
<status status="PASS" starttime="20211226 13:48:15.091" endtime="20211226 13:48:15.247"/>
</kw>
<status status="PASS" starttime="20211226 13:48:14.956" endtime="20211226 13:48:15.247"/>
</kw>
<kw name="Clean And Input The Text" library="keywords_common">
<arg>${MARKETS_PAGE_MARKET_TRADE_LIST_SEARCH_INPUT}</arg>
<arg>${base_coin}</arg>
<kw name="Wait Until Element Is Visible" library="SeleniumLibrary">
<arg>${element}</arg>
<doc>Waits until the element ``locator`` is visible.</doc>
<status status="PASS" starttime="20211226 13:48:15.248" endtime="20211226 13:48:15.279"/>
</kw>
<kw name="Clear Element Text" library="SeleniumLibrary">
<arg>${element}</arg>
<doc>Clears the value of the text-input-element identified by ``locator``.</doc>
<status status="PASS" starttime="20211226 13:48:15.279" endtime="20211226 13:48:15.311"/>
</kw>
<kw name="Input Text" library="SeleniumLibrary">
<arg>${element}</arg>
<arg>${text}</arg>
<doc>Types the given ``text`` into the text field identified by ``locator``.</doc>
<msg timestamp="20211226 13:48:15.312" level="INFO">Typing text 'XTZ' into text field '//*[@id="app"]//div[@class="market-title-box markets-container"]//input[@class="search-input"]'.</msg>
<status status="PASS" starttime="20211226 13:48:15.312" endtime="20211226 13:48:15.408"/>
</kw>
<status status="PASS" starttime="20211226 13:48:15.248" endtime="20211226 13:48:15.408"/>
</kw>
<kw name="Element Text Should Be" library="SeleniumLibrary">
<arg>${MARKETS_PAGE_MARKET_TRADE_LIST_FIRST_ROW_INSTRUMENT_NAME_BASE}</arg>
<arg>${base_coin}</arg>
<doc>Verifies that element ``locator`` contains exact the text ``expected``.</doc>
<msg timestamp="20211226 13:48:15.409" level="INFO">Verifying element '//*[@id="app"]//div[@data-test="market-trade-list"]//tbody[@class="table__body"]/tr[1]//span[@class="base"]' contains exact text 'XTZ'.</msg>
<status status="PASS" starttime="20211226 13:48:15.408" endtime="20211226 13:48:15.434"/>
</kw>
<kw name="Element Text Should Be" library="SeleniumLibrary">
<arg>${MARKETS_PAGE_MARKET_TRADE_LIST_FIRST_ROW_INSTRUMENT_NAME_QUOTE}</arg>
<arg>/${quote_coin}</arg>
<doc>Verifies that element ``locator`` contains exact the text ``expected``.</doc>
<msg timestamp="20211226 13:48:15.435" level="INFO">Verifying element '//*[@id="app"]//div[@data-test="market-trade-list"]//tbody[@class="table__body"]/tr[1]//span[@class="quote"]' contains exact text '/CRO'.</msg>
<status status="PASS" starttime="20211226 13:48:15.434" endtime="20211226 13:48:15.460"/>
</kw>
<kw name="Test Teardown For Un-favorite the item" type="TEARDOWN">
<kw name="Run Keyword If Test Failed" library="BuiltIn">
<arg>Capture Page Screenshot</arg>
<doc>Runs the given keyword with the given arguments, if the test failed.</doc>
<status status="PASS" starttime="20211226 13:48:15.461" endtime="20211226 13:48:15.461"/>
</kw>
<kw name="Go To Markets Page" library="keywords_common">
<kw name="Go To" library="SeleniumLibrary">
<arg>https://crypto.com/exchange/markets</arg>
<doc>Navigates the current browser window to the provided ``url``.</doc>
<msg timestamp="20211226 13:48:15.462" level="INFO">Opening url 'https://crypto.com/exchange/markets'</msg>
<status status="PASS" starttime="20211226 13:48:15.461" endtime="20211226 13:48:16.187"/>
</kw>
<kw name="Wait Until Element Is Visible" library="SeleniumLibrary">
<arg>${MARKETS_PAGE_MARKET_TITLE_TEXT}</arg>
<doc>Waits until the element ``locator`` is visible.</doc>
<status status="PASS" starttime="20211226 13:48:16.187" endtime="20211226 13:48:16.227"/>
</kw>
<status status="PASS" starttime="20211226 13:48:15.461" endtime="20211226 13:48:16.228"/>
</kw>
<kw name="Navigate To Specific Coin Trade Spot From Markets Page" library="keywords_common">
<arg>${base_coin}</arg>
<arg>${quote_coin}</arg>
<kw name="Scroll Element Into View" library="SeleniumLibrary">
<arg>${MARKETS_PAGE_MARKET_TRADE_LIST_${quote_coin}_TITLE_TEXT}</arg>
<doc>Scrolls the element identified by ``locator`` into view.</doc>
<status status="PASS" starttime="20211226 13:48:16.228" endtime="20211226 13:48:16.801"/>
</kw>
<kw name="Click Specific Element" library="keywords_common">
<arg>${MARKETS_PAGE_MARKET_TRADE_LIST_${quote_coin}_TITLE_TEXT}</arg>
<kw name="Wait Until Element Is Visible" library="SeleniumLibrary">
<arg>${element}</arg>
<doc>Waits until the element ``locator`` is visible.</doc>
<status status="PASS" starttime="20211226 13:48:16.802" endtime="20211226 13:48:17.048"/>
</kw>
<kw name="Click Element" library="SeleniumLibrary">
<arg>${element}</arg>
<doc>Click the element identified by ``locator``.</doc>
<msg timestamp="20211226 13:48:17.048" level="INFO">Clicking element '//*[@id="app"]//div[@class="market-title-box markets-container"]//div[text()="CRO"]'.</msg>
<status status="PASS" starttime="20211226 13:48:17.048" endtime="20211226 13:48:17.292"/>
</kw>
<status status="PASS" starttime="20211226 13:48:16.802" endtime="20211226 13:48:17.292"/>
</kw>
<kw name="Clean And Input The Text" library="keywords_common">
<arg>${MARKETS_PAGE_MARKET_TRADE_LIST_SEARCH_INPUT}</arg>
<arg>${base_coin}</arg>
<kw name="Wait Until Element Is Visible" library="SeleniumLibrary">
<arg>${element}</arg>
<doc>Waits until the element ``locator`` is visible.</doc>
<status status="PASS" starttime="20211226 13:48:17.293" endtime="20211226 13:48:17.322"/>
</kw>
<kw name="Clear Element Text" library="SeleniumLibrary">
<arg>${element}</arg>
<doc>Clears the value of the text-input-element identified by ``locator``.</doc>
<status status="PASS" starttime="20211226 13:48:17.322" endtime="20211226 13:48:17.356"/>
</kw>
<kw name="Input Text" library="SeleniumLibrary">
<arg>${element}</arg>
<arg>${text}</arg>
<doc>Types the given ``text`` into the text field identified by ``locator``.</doc>
<msg timestamp="20211226 13:48:17.357" level="INFO">Typing text 'XTZ' into text field '//*[@id="app"]//div[@class="market-title-box markets-container"]//input[@class="search-input"]'.</msg>
<status status="PASS" starttime="20211226 13:48:17.356" endtime="20211226 13:48:17.450"/>
</kw>
<status status="PASS" starttime="20211226 13:48:17.292" endtime="20211226 13:48:17.450"/>
</kw>
<kw name="Element Text Should Be" library="SeleniumLibrary">
<arg>${MARKETS_PAGE_MARKET_TRADE_LIST_FIRST_ROW_INSTRUMENT_NAME_BASE}</arg>
<arg>${base_coin}</arg>
<doc>Verifies that element ``locator`` contains exact the text ``expected``.</doc>
<msg timestamp="20211226 13:48:17.451" level="INFO">Verifying element '//*[@id="app"]//div[@data-test="market-trade-list"]//tbody[@class="table__body"]/tr[1]//span[@class="base"]' contains exact text 'XTZ'.</msg>
<status status="PASS" starttime="20211226 13:48:17.450" endtime="20211226 13:48:17.502"/>
</kw>
<kw name="Element Text Should Be" library="SeleniumLibrary">
<arg>${MARKETS_PAGE_MARKET_TRADE_LIST_FIRST_ROW_INSTRUMENT_NAME_QUOTE}</arg>
<arg>/${quote_coin}</arg>
<doc>Verifies that element ``locator`` contains exact the text ``expected``.</doc>
<msg timestamp="20211226 13:48:17.503" level="INFO">Verifying element '//*[@id="app"]//div[@data-test="market-trade-list"]//tbody[@class="table__body"]/tr[1]//span[@class="quote"]' contains exact text '/CRO'.</msg>
<status status="PASS" starttime="20211226 13:48:17.502" endtime="20211226 13:48:17.526"/>
</kw>
<kw name="Click Specific Element" library="keywords_common">
<arg>${MARKETS_PAGE_MARKET_TRADE_LIST_FIRST_ROW_TRADE_BUTTON}</arg>
<kw name="Wait Until Element Is Visible" library="SeleniumLibrary">
<arg>${element}</arg>
<doc>Waits until the element ``locator`` is visible.</doc>
<status status="PASS" starttime="20211226 13:48:17.527" endtime="20211226 13:48:17.552"/>
</kw>
<kw name="Click Element" library="SeleniumLibrary">
<arg>${element}</arg>
<doc>Click the element identified by ``locator``.</doc>
<msg timestamp="20211226 13:48:17.553" level="INFO">Clicking element '//*[@id="app"]//div[@data-test="market-trade-list"]//tbody[@class="table__body"]/tr[1]//button[contains(@class,"btn-trade")]'.</msg>
<status status="PASS" starttime="20211226 13:48:17.553" endtime="20211226 13:48:17.606"/>
</kw>
<status status="PASS" starttime="20211226 13:48:17.527" endtime="20211226 13:48:17.606"/>
</kw>
<kw name="Wait Until Keyword Succeeds" library="BuiltIn">
<arg>10s</arg>
<arg>1s</arg>
<arg>Check The Defaut Price Is Not Empty</arg>
<doc>Runs the specified keyword and retries if it fails.</doc>
<kw name="Check The Defaut Price Is Not Empty" library="keywords_trade_spot">
<doc>Check the defaut price in trade form is displayed</doc>
<kw name="Get Value" library="SeleniumLibrary">
<var>${price}</var>
<arg>(${TRADE_SPOT_TRADE_FORM_TRADE_BLOCK_TRADE_INPUT})[1]/input</arg>
<doc>Returns the value attribute of the element identified by ``locator``.</doc>
<msg timestamp="20211226 13:48:17.860" level="INFO">${price} = </msg>
<status status="PASS" starttime="20211226 13:48:17.607" endtime="20211226 13:48:17.860"/>
</kw>
<kw name="Should Not Be Empty" library="BuiltIn">
<arg>${price}</arg>
<doc>Verifies that the given item is not empty.</doc>
<msg timestamp="20211226 13:48:17.860" level="INFO">Length is 0</msg>
<msg timestamp="20211226 13:48:17.860" level="FAIL">'' should not be empty.</msg>
<status status="FAIL" starttime="20211226 13:48:17.860" endtime="20211226 13:48:17.860"/>
</kw>
<status status="FAIL" starttime="20211226 13:48:17.607" endtime="20211226 13:48:17.861"/>
</kw>
<kw name="Check The Defaut Price Is Not Empty" library="keywords_trade_spot">
<doc>Check the defaut price in trade form is displayed</doc>
<kw name="Get Value" library="SeleniumLibrary">
<var>${price}</var>
<arg>(${TRADE_SPOT_TRADE_FORM_TRADE_BLOCK_TRADE_INPUT})[1]/input</arg>
<doc>Returns the value attribute of the element identified by ``locator``.</doc>
<msg timestamp="20211226 13:48:18.940" level="INFO">${price} = 7.489</msg>
<status status="PASS" starttime="20211226 13:48:18.864" endtime="20211226 13:48:18.940"/>
</kw>
<kw name="Should Not Be Empty" library="BuiltIn">
<arg>${price}</arg>
<doc>Verifies that the given item is not empty.</doc>
<msg timestamp="20211226 13:48:18.941" level="INFO">Length is 5</msg>
<status status="PASS" starttime="20211226 13:48:18.940" endtime="20211226 13:48:18.941"/>
</kw>
<status status="PASS" starttime="20211226 13:48:18.862" endtime="20211226 13:48:18.941"/>
</kw>
<status status="PASS" starttime="20211226 13:48:17.606" endtime="20211226 13:48:18.941"/>
</kw>
<status status="PASS" starttime="20211226 13:48:16.228" endtime="20211226 13:48:18.941"/>
</kw>
<kw name="Enable Or Disable Favorite Button" library="keywords_trade_spot">
<arg>${false}</arg>
<kw name="Get Element Attribute" library="SeleniumLibrary">
<var>${button_status}</var>
<arg>${TRADE_SPOT_SYMBOL_INFO_FAVORITE_BUTTON}</arg>
<arg>class</arg>
<doc>Returns the value of ``attribute`` from the element ``locator``.</doc>
<msg timestamp="20211226 13:48:18.971" level="INFO">${button_status} = favorite e-icon favorite on</msg>
<status status="PASS" starttime="20211226 13:48:18.943" endtime="20211226 13:48:18.971"/>
</kw>
<kw name="Split String" library="String">
<var>${button_status}</var>
<arg>${button_status}</arg>
<doc>Splits the ``string`` using ``separator`` as a delimiter string.</doc>
<msg timestamp="20211226 13:48:18.972" level="INFO">${button_status} = ['favorite', 'e-icon', 'favorite', 'on']</msg>
<status status="PASS" starttime="20211226 13:48:18.972" endtime="20211226 13:48:18.972"/>
</kw>
<kw name="Set Variable If" library="BuiltIn">
<var>${button_status}</var>
<arg>'on' in ${button_status}</arg>
<arg>${true}</arg>
<arg>${false}</arg>
<doc>Sets variable based on the given condition.</doc>
<msg timestamp="20211226 13:48:18.972" level="INFO">${button_status} = True</msg>
<status status="PASS" starttime="20211226 13:48:18.972" endtime="20211226 13:48:18.973"/>
</kw>
<if>
<branch type="IF" condition="'${button_status}' != '${button_type}'">
<kw name="Click Specific Element" library="keywords_common">
<arg>${TRADE_SPOT_SYMBOL_INFO_FAVORITE_BUTTON}</arg>
<kw name="Wait Until Element Is Visible" library="SeleniumLibrary">
<arg>${element}</arg>
<doc>Waits until the element ``locator`` is visible.</doc>
<status status="PASS" starttime="20211226 13:48:18.973" endtime="20211226 13:48:19.002"/>
</kw>
<kw name="Click Element" library="SeleniumLibrary">
<arg>${element}</arg>
<doc>Click the element identified by ``locator``.</doc>
<msg timestamp="20211226 13:48:19.003" level="INFO">Clicking element '//*[@id="app"]//div[@class="symbol-info"]/div//*[contains(@class,"favorite")]'.</msg>
<status status="PASS" starttime="20211226 13:48:19.002" endtime="20211226 13:48:19.079"/>
</kw>
<status status="PASS" starttime="20211226 13:48:18.973" endtime="20211226 13:48:19.079"/>
</kw>
<status status="PASS" starttime="20211226 13:48:18.973" endtime="20211226 13:48:19.079"/>
</branch>
<status status="PASS" starttime="20211226 13:48:18.973" endtime="20211226 13:48:19.080"/>
</if>
<status status="PASS" starttime="20211226 13:48:18.942" endtime="20211226 13:48:19.080"/>
</kw>
<status status="PASS" starttime="20211226 13:48:15.460" endtime="20211226 13:48:19.080"/>
</kw>
<tag>cro</tag>
<tag>market</tag>
<tag>web</tag>
<timeout value="30 seconds"/>
<status status="PASS" starttime="20211226 13:48:10.846" endtime="20211226 13:48:19.080"/>
</test>
<kw name="Suite Teardown" type="TEARDOWN">
<kw name="Close All Browsers" library="SeleniumLibrary">
<doc>Closes all open browsers and resets the browser cache.</doc>
<status status="PASS" starttime="20211226 13:48:19.082" endtime="20211226 13:48:19.216"/>
</kw>
<status status="PASS" starttime="20211226 13:48:19.082" endtime="20211226 13:48:19.216"/>
</kw>
<doc>Verify cro xtz page in markets page</doc>
<status status="PASS" starttime="20211226 13:47:12.426" endtime="20211226 13:48:19.216"/>
</suite>
<status status="PASS" starttime="20211226 13:47:12.425" endtime="20211226 13:48:19.222"/>
</suite>
<status status="PASS" starttime="20211226 13:47:12.416" endtime="20211226 13:48:19.225"/>
</suite>
<statistics>
<total>
<stat pass="8" fail="0" skip="0">All Tests</stat>
</total>
<tag>
<stat pass="8" fail="0" skip="0">cro</stat>
<stat pass="8" fail="0" skip="0">market</stat>
<stat pass="8" fail="0" skip="0">web</stat>
</tag>
<suite>
<stat pass="8" fail="0" skip="0" id="s1" name="Web">Web</stat>
<stat pass="8" fail="0" skip="0" id="s1-s1" name="Test">Web.Test</stat>
<stat pass="8" fail="0" skip="0" id="s1-s1-s1" name="Test Markets Cro Xtz">Web.Test.Test Markets Cro Xtz</stat>
</suite>
</statistics>
<errors>
</errors>
</robot>
